#-----------------------------------------------------------
# Vivado v2018.2 (64-bit)
# SW Build 2258646 on Thu Jun 14 20:03:12 MDT 2018
# IP Build 2256618 on Thu Jun 14 22:10:49 MDT 2018
# Start of session at: Fri Aug 22 09:44:04 2025
# Process ID: 57032
# Current directory: C:/Users/kaico/OneDrive - National University of Singapore/Y2S1/EE2026/project_1
# Command line: vivado.exe -gui_launcher_event rodinguilauncherevent48764 C:\Users\kaico\OneDrive - National University of Singapore\Y2S1\EE2026\project_1\project_1.xpr
# Log file: C:/Users/kaico/OneDrive - National University of Singapore/Y2S1/EE2026/project_1/vivado.log
# Journal file: C:/Users/kaico/OneDrive - National University of Singapore/Y2S1/EE2026/project_1\vivado.jou
#-----------------------------------------------------------
start_gui
open_project {C:/Users/kaico/OneDrive - National University of Singapore/Y2S1/EE2026/project_1/project_1.xpr}
Scanning sources...
Finished scanning sources
INFO: [IP_Flow 19-234] Refreshing IP repositories
INFO: [IP_Flow 19-1704] No user IP repositories specified
INFO: [IP_Flow 19-2313] Loaded Vivado IP repository 'C:/Xilinx/Vivado/2018.2/data/ip'.
update_compile_order -fileset sources_1
file mkdir C:/Users/kaico/OneDrive - National University of Singapore/Y2S1/EE2026/project_1/project_1.srcs/sim_1/new
file mkdir C:/Users/kaico/OneDrive - National University of Singapore/Y2S1/EE2026/project_1/project_1.srcs/sim_1/new
file mkdir C:/Users/kaico/OneDrive - National University of Singapore/Y2S1/EE2026/project_1/project_1.srcs/sim_1/new
file mkdir C:/Users/kaico/OneDrive - National University of Singapore/Y2S1/EE2026/project_1/project_1.srcs/sim_1/new
file mkdir C:/Users/kaico/OneDrive - National University of Singapore/Y2S1/EE2026/project_1/project_1.srcs/sim_1/new
set_property SOURCE_SET sources_1 [get_filesets sim_1]
file mkdir C:/Users/kaico/OneDrive - National University of Singapore/Y2S1/EE2026/project_1/project_1.srcs/sim_1/new
file mkdir {C:/Users/kaico/OneDrive - National University of Singapore/Y2S1/EE2026/project_1/project_1.srcs/sim_1/new}
close [ open {C:/Users/kaico/OneDrive - National University of Singapore/Y2S1/EE2026/project_1/project_1.srcs/sim_1/new/test_lab1.v} w ]
add_files -fileset sim_1 {{C:/Users/kaico/OneDrive - National University of Singapore/Y2S1/EE2026/project_1/project_1.srcs/sim_1/new/test_lab1.v}}
update_compile_order -fileset sim_1
launch_simulation
ERROR: [Common 17-1293] The path 'C:/Users/kaico/OneDrive - National University of Singapore/Y2S1/EE2026/project_1/project_1.cache/wt' already exists, is a directory, but is not writable.
update_compile_order -fileset sim_1
exit
INFO: [Common 17-206] Exiting Vivado at Fri Aug 22 09:48:23 2025...
