Copyright 1986-2018 Xilinx, Inc. All Rights Reserved.
------------------------------------------------------------------------------------------------
| Tool Version : Vivado v.2018.2 (lin64) Build 2258646 Thu Jun 14 20:02:38 MDT 2018
| Date         : Mon Oct  6 22:08:34 2025
| Host         : kc-ThinkPad-T14-Gen-5 running 64-bit Ubuntu 22.04.5 LTS
| Command      : report_drc -file Top_drc_opted.rpt -pb Top_drc_opted.pb -rpx Top_drc_opted.rpx
| Design       : Top
| Device       : xc7a35tcpg236-1
| Speed File   : -1
| Design State : Synthesized
------------------------------------------------------------------------------------------------

Report DRC

Table of Contents
-----------------
1. REPORT SUMMARY
2. REPORT DETAILS

1. REPORT SUMMARY
-----------------
            Netlist: netlist
          Floorplan: design_1
      Design limits: <entire design considered>
           Ruledeck: default
             Max violations: <unlimited>
             Violations found: 1
+-------------+----------+-------------------------------------------------------------+------------+
| Rule        | Severity | Description                                                 | Violations |
+-------------+----------+-------------------------------------------------------------+------------+
| PLHOLDVIO-2 | Warning  | Non-Optimal connections which could lead to hold violations | 1          |
+-------------+----------+-------------------------------------------------------------+------------+

2. REPORT DETAILS
-----------------
PLHOLDVIO-2#1 Warning
Non-Optimal connections which could lead to hold violations  
A LUT vga/h_count_next[9]_i_2 is driving clock pin of 20 cells. This could lead to large hold time violations. First few involved cells are:
    vga/h_count_next_reg[0] {FDCE}
    vga/h_count_next_reg[1] {FDCE}
    vga/h_count_next_reg[2] {FDCE}
    vga/h_count_next_reg[3] {FDCE}
    vga/h_count_next_reg[4] {FDCE}
    vga/h_count_next_reg[5] {FDCE}
    vga/h_count_next_reg[6] {FDCE}
    vga/h_count_next_reg[7] {FDCE}
    vga/h_count_next_reg[8] {FDCE}

Related violations: <none>


