
*** Running vivado
    with args -log Top_Student.vdi -applog -m64 -product Vivado -messageDb vivado.pb -mode batch -source Top_Student.tcl -notrace


****** Vivado v2018.2 (64-bit)
  **** SW Build 2258646 on Thu Jun 14 20:03:12 MDT 2018
  **** IP Build 2256618 on Thu Jun 14 22:10:49 MDT 2018
    ** Copyright 1986-2018 Xilinx, Inc. All Rights Reserved.

source Top_Student.tcl -notrace
Command: link_design -top Top_Student -part xc7a35tcpg236-1
Design is defaulting to srcset: sources_1
Design is defaulting to constrset: constrs_1
INFO: [Netlist 29-17] Analyzing 52 Unisim elements for replacement
INFO: [Netlist 29-28] Unisim Transformation completed in 0 CPU seconds
INFO: [Project 1-479] Netlist was created with Vivado 2018.2
INFO: [Device 21-403] Loading part xc7a35tcpg236-1
INFO: [Project 1-570] Preparing netlist for logic optimization
Parsing XDC File [C:/Users/joelk/Documents/ee_files/EE2026/project/individual/taskQ/taskQ.srcs/constrs_1/new/proj_lab_constr.xdc]
Finished Parsing XDC File [C:/Users/joelk/Documents/ee_files/EE2026/project/individual/taskQ/taskQ.srcs/constrs_1/new/proj_lab_constr.xdc]
INFO: [Opt 31-138] Pushed 0 inverter(s) to 0 load pin(s).
INFO: [Project 1-111] Unisim Transformation Summary:
No Unisim elements were transformed.

7 Infos, 0 Warnings, 0 Critical Warnings and 0 Errors encountered.
link_design completed successfully
link_design: Time (s): cpu = 00:00:08 ; elapsed = 00:00:10 . Memory (MB): peak = 595.898 ; gain = 319.004
Command: opt_design
Attempting to get a license for feature 'Implementation' and/or device 'xc7a35t'
INFO: [Common 17-349] Got license for feature 'Implementation' and/or device 'xc7a35t'
Running DRC as a precondition to command opt_design

Starting DRC Task
INFO: [DRC 23-27] Running DRC with 2 threads
INFO: [Project 1-461] DRC finished with 0 Errors
INFO: [Project 1-462] Please refer to the DRC report (report_drc) for more information.

Time (s): cpu = 00:00:01 ; elapsed = 00:00:00.773 . Memory (MB): peak = 608.727 ; gain = 12.828

Starting Cache Timing Information Task
INFO: [Timing 38-35] Done setting XDC timing constraints.
Ending Cache Timing Information Task | Checksum: 262d773fb

Time (s): cpu = 00:00:13 ; elapsed = 00:00:16 . Memory (MB): peak = 1161.902 ; gain = 553.176

Starting Logic Optimization Task

Phase 1 Retarget
INFO: [Opt 31-138] Pushed 1 inverter(s) to 20 load pin(s).
INFO: [Opt 31-49] Retargeted 0 cell(s).
Phase 1 Retarget | Checksum: 1adddce5b

Time (s): cpu = 00:00:01 ; elapsed = 00:00:00.088 . Memory (MB): peak = 1161.902 ; gain = 0.000
INFO: [Opt 31-389] Phase Retarget created 0 cells and removed 0 cells

Phase 2 Constant propagation
INFO: [Opt 31-138] Pushed 0 inverter(s) to 0 load pin(s).
Phase 2 Constant propagation | Checksum: 23935e761

Time (s): cpu = 00:00:01 ; elapsed = 00:00:00.103 . Memory (MB): peak = 1161.902 ; gain = 0.000
INFO: [Opt 31-389] Phase Constant propagation created 0 cells and removed 0 cells

Phase 3 Sweep
Phase 3 Sweep | Checksum: 1630afd87

Time (s): cpu = 00:00:01 ; elapsed = 00:00:00.116 . Memory (MB): peak = 1161.902 ; gain = 0.000
INFO: [Opt 31-389] Phase Sweep created 0 cells and removed 0 cells

Phase 4 BUFG optimization
Phase 4 BUFG optimization | Checksum: 1630afd87

Time (s): cpu = 00:00:01 ; elapsed = 00:00:00.130 . Memory (MB): peak = 1161.902 ; gain = 0.000
INFO: [Opt 31-662] Phase BUFG optimization created 0 cells of which 0 are BUFGs and removed 0 cells.

Phase 5 Shift Register Optimization
Phase 5 Shift Register Optimization | Checksum: 24be290e6

Time (s): cpu = 00:00:01 ; elapsed = 00:00:00.167 . Memory (MB): peak = 1161.902 ; gain = 0.000
INFO: [Opt 31-389] Phase Shift Register Optimization created 0 cells and removed 0 cells

Phase 6 Post Processing Netlist
Phase 6 Post Processing Netlist | Checksum: 24be290e6

Time (s): cpu = 00:00:01 ; elapsed = 00:00:00.171 . Memory (MB): peak = 1161.902 ; gain = 0.000
INFO: [Opt 31-389] Phase Post Processing Netlist created 0 cells and removed 0 cells

Starting Connectivity Check Task

Time (s): cpu = 00:00:00 ; elapsed = 00:00:00.002 . Memory (MB): peak = 1161.902 ; gain = 0.000
Ending Logic Optimization Task | Checksum: 24be290e6

Time (s): cpu = 00:00:01 ; elapsed = 00:00:00.176 . Memory (MB): peak = 1161.902 ; gain = 0.000

Starting Power Optimization Task
INFO: [Pwropt 34-132] Skipping clock gating for clocks with a period < 2.00 ns.
Ending Power Optimization Task | Checksum: 24be290e6

Time (s): cpu = 00:00:00 ; elapsed = 00:00:00.009 . Memory (MB): peak = 1161.902 ; gain = 0.000

Starting Final Cleanup Task
Ending Final Cleanup Task | Checksum: 24be290e6

Time (s): cpu = 00:00:00 ; elapsed = 00:00:00 . Memory (MB): peak = 1161.902 ; gain = 0.000
INFO: [Common 17-83] Releasing license: Implementation
23 Infos, 0 Warnings, 0 Critical Warnings and 0 Errors encountered.
opt_design completed successfully
opt_design: Time (s): cpu = 00:00:15 ; elapsed = 00:00:17 . Memory (MB): peak = 1161.902 ; gain = 566.004
INFO: [Timing 38-480] Writing timing data to binary archive.
Writing placer database...
Writing XDEF routing.
Writing XDEF routing logical nets.
Writing XDEF routing special nets.
Write XDEF Complete: Time (s): cpu = 00:00:00 ; elapsed = 00:00:00.065 . Memory (MB): peak = 1161.902 ; gain = 0.000
INFO: [Common 17-1381] The checkpoint 'C:/Users/joelk/Documents/ee_files/EE2026/project/individual/taskQ/taskQ.runs/impl_1/Top_Student_opt.dcp' has been generated.
INFO: [runtcl-4] Executing : report_drc -file Top_Student_drc_opted.rpt -pb Top_Student_drc_opted.pb -rpx Top_Student_drc_opted.rpx
Command: report_drc -file Top_Student_drc_opted.rpt -pb Top_Student_drc_opted.pb -rpx Top_Student_drc_opted.rpx
INFO: [DRC 23-27] Running DRC with 2 threads
INFO: [Coretcl 2-168] The results of DRC are in file C:/Users/joelk/Documents/ee_files/EE2026/project/individual/taskQ/taskQ.runs/impl_1/Top_Student_drc_opted.rpt.
report_drc completed successfully
Command: place_design
Attempting to get a license for feature 'Implementation' and/or device 'xc7a35t'
INFO: [Common 17-349] Got license for feature 'Implementation' and/or device 'xc7a35t'
INFO: [DRC 23-27] Running DRC with 2 threads
INFO: [Vivado_Tcl 4-198] DRC finished with 0 Errors
INFO: [Vivado_Tcl 4-199] Please refer to the DRC report (report_drc) for more information.
Running DRC as a precondition to command place_design
INFO: [DRC 23-27] Running DRC with 2 threads
INFO: [Vivado_Tcl 4-198] DRC finished with 0 Errors
INFO: [Vivado_Tcl 4-199] Please refer to the DRC report (report_drc) for more information.

Starting Placer Task
INFO: [Place 30-611] Multithreading enabled for place_design using a maximum of 2 CPUs

Phase 1 Placer Initialization

Phase 1.1 Placer Initialization Netlist Sorting
Netlist sorting complete. Time (s): cpu = 00:00:00 ; elapsed = 00:00:00.001 . Memory (MB): peak = 1161.902 ; gain = 0.000
Phase 1.1 Placer Initialization Netlist Sorting | Checksum: 17ac21b4a

Time (s): cpu = 00:00:00 ; elapsed = 00:00:00.007 . Memory (MB): peak = 1161.902 ; gain = 0.000
Netlist sorting complete. Time (s): cpu = 00:00:00 ; elapsed = 00:00:00 . Memory (MB): peak = 1161.902 ; gain = 0.000

Phase 1.2 IO Placement/ Clock Placement/ Build Placer Device
INFO: [Timing 38-35] Done setting XDC timing constraints.
Phase 1.2 IO Placement/ Clock Placement/ Build Placer Device | Checksum: fd245431

Time (s): cpu = 00:00:02 ; elapsed = 00:00:01 . Memory (MB): peak = 1161.902 ; gain = 0.000

Phase 1.3 Build Placer Netlist Model
Phase 1.3 Build Placer Netlist Model | Checksum: 1f084d392

Time (s): cpu = 00:00:02 ; elapsed = 00:00:02 . Memory (MB): peak = 1161.902 ; gain = 0.000

Phase 1.4 Constrain Clocks/Macros
Phase 1.4 Constrain Clocks/Macros | Checksum: 1f084d392

Time (s): cpu = 00:00:02 ; elapsed = 00:00:02 . Memory (MB): peak = 1161.902 ; gain = 0.000
Phase 1 Placer Initialization | Checksum: 1f084d392

Time (s): cpu = 00:00:02 ; elapsed = 00:00:02 . Memory (MB): peak = 1161.902 ; gain = 0.000

Phase 2 Global Placement

Phase 2.1 Floorplanning
Phase 2.1 Floorplanning | Checksum: 19f1cd930

Time (s): cpu = 00:00:03 ; elapsed = 00:00:02 . Memory (MB): peak = 1161.902 ; gain = 0.000

Phase 2.2 Physical Synthesis In Placer
INFO: [Physopt 32-65] No nets found for high-fanout optimization.
INFO: [Physopt 32-232] Optimized 0 net. Created 0 new instance.
INFO: [Physopt 32-775] End 1 Pass. Optimized 0 net or cell. Created 0 new cell, deleted 0 existing cell and moved 0 existing cell
Netlist sorting complete. Time (s): cpu = 00:00:00 ; elapsed = 00:00:00.001 . Memory (MB): peak = 1161.902 ; gain = 0.000

Summary of Physical Synthesis Optimizations
============================================


-----------------------------------------------------------------------------------------------------------------------------
|  Optimization       |  Added Cells  |  Removed Cells  |  Optimized Cells/Nets  |  Dont Touch  |  Iterations  |  Elapsed   |
-----------------------------------------------------------------------------------------------------------------------------
|  Very High Fanout   |            0  |              0  |                     0  |           0  |           1  |  00:00:00  |
|  Total              |            0  |              0  |                     0  |           0  |           1  |  00:00:00  |
-----------------------------------------------------------------------------------------------------------------------------


Phase 2.2 Physical Synthesis In Placer | Checksum: 111dae046

Time (s): cpu = 00:00:06 ; elapsed = 00:00:04 . Memory (MB): peak = 1161.902 ; gain = 0.000
Phase 2 Global Placement | Checksum: 1ed55ceff

Time (s): cpu = 00:00:06 ; elapsed = 00:00:04 . Memory (MB): peak = 1161.902 ; gain = 0.000

Phase 3 Detail Placement

Phase 3.1 Commit Multi Column Macros
Phase 3.1 Commit Multi Column Macros | Checksum: 1ed55ceff

Time (s): cpu = 00:00:06 ; elapsed = 00:00:04 . Memory (MB): peak = 1161.902 ; gain = 0.000

Phase 3.2 Commit Most Macros & LUTRAMs
Phase 3.2 Commit Most Macros & LUTRAMs | Checksum: 1cd8ce479

Time (s): cpu = 00:00:06 ; elapsed = 00:00:04 . Memory (MB): peak = 1161.902 ; gain = 0.000

Phase 3.3 Area Swap Optimization
Phase 3.3 Area Swap Optimization | Checksum: fb928492

Time (s): cpu = 00:00:06 ; elapsed = 00:00:04 . Memory (MB): peak = 1161.902 ; gain = 0.000

Phase 3.4 Pipeline Register Optimization
Phase 3.4 Pipeline Register Optimization | Checksum: fb928492

Time (s): cpu = 00:00:06 ; elapsed = 00:00:04 . Memory (MB): peak = 1161.902 ; gain = 0.000

Phase 3.5 Small Shape Detail Placement
Phase 3.5 Small Shape Detail Placement | Checksum: 179579108

Time (s): cpu = 00:00:06 ; elapsed = 00:00:04 . Memory (MB): peak = 1161.902 ; gain = 0.000

Phase 3.6 Re-assign LUT pins
Phase 3.6 Re-assign LUT pins | Checksum: 144f74998

Time (s): cpu = 00:00:06 ; elapsed = 00:00:04 . Memory (MB): peak = 1161.902 ; gain = 0.000

Phase 3.7 Pipeline Register Optimization
Phase 3.7 Pipeline Register Optimization | Checksum: 144f74998

Time (s): cpu = 00:00:06 ; elapsed = 00:00:04 . Memory (MB): peak = 1161.902 ; gain = 0.000
Phase 3 Detail Placement | Checksum: 144f74998

Time (s): cpu = 00:00:06 ; elapsed = 00:00:04 . Memory (MB): peak = 1161.902 ; gain = 0.000

Phase 4 Post Placement Optimization and Clean-Up

Phase 4.1 Post Commit Optimization
INFO: [Timing 38-35] Done setting XDC timing constraints.

Phase 4.1.1 Post Placement Optimization
Post Placement Optimization Initialization | Checksum: 17e6c5df1

Phase 4.1.1.1 BUFG Insertion
INFO: [Place 46-31] BUFG insertion identified 0 candidate nets, 0 success, 0 skipped for placement/routing, 0 skipped for timing, 0 skipped for netlist change reason.
Phase 4.1.1.1 BUFG Insertion | Checksum: 17e6c5df1

Time (s): cpu = 00:00:07 ; elapsed = 00:00:05 . Memory (MB): peak = 1161.902 ; gain = 0.000
INFO: [Place 30-746] Post Placement Timing Summary WNS=4.745. For the most accurate timing information please run report_timing.
Phase 4.1.1 Post Placement Optimization | Checksum: 13324dd65

Time (s): cpu = 00:00:07 ; elapsed = 00:00:05 . Memory (MB): peak = 1161.902 ; gain = 0.000
Phase 4.1 Post Commit Optimization | Checksum: 13324dd65

Time (s): cpu = 00:00:07 ; elapsed = 00:00:05 . Memory (MB): peak = 1161.902 ; gain = 0.000

Phase 4.2 Post Placement Cleanup
Phase 4.2 Post Placement Cleanup | Checksum: 13324dd65

Time (s): cpu = 00:00:07 ; elapsed = 00:00:05 . Memory (MB): peak = 1161.902 ; gain = 0.000

Phase 4.3 Placer Reporting
Phase 4.3 Placer Reporting | Checksum: 13324dd65

Time (s): cpu = 00:00:07 ; elapsed = 00:00:05 . Memory (MB): peak = 1161.902 ; gain = 0.000

Phase 4.4 Final Placement Cleanup
Phase 4.4 Final Placement Cleanup | Checksum: 181c86234

Time (s): cpu = 00:00:07 ; elapsed = 00:00:05 . Memory (MB): peak = 1161.902 ; gain = 0.000
Phase 4 Post Placement Optimization and Clean-Up | Checksum: 181c86234

Time (s): cpu = 00:00:07 ; elapsed = 00:00:05 . Memory (MB): peak = 1161.902 ; gain = 0.000
Ending Placer Task | Checksum: 11870a0d9

Time (s): cpu = 00:00:07 ; elapsed = 00:00:05 . Memory (MB): peak = 1161.902 ; gain = 0.000
INFO: [Common 17-83] Releasing license: Implementation
44 Infos, 0 Warnings, 0 Critical Warnings and 0 Errors encountered.
place_design completed successfully
place_design: Time (s): cpu = 00:00:08 ; elapsed = 00:00:06 . Memory (MB): peak = 1161.902 ; gain = 0.000
INFO: [Timing 38-480] Writing timing data to binary archive.
Writing placer database...
Writing XDEF routing.
Writing XDEF routing logical nets.
Writing XDEF routing special nets.
Write XDEF Complete: Time (s): cpu = 00:00:00 ; elapsed = 00:00:00.144 . Memory (MB): peak = 1167.406 ; gain = 5.504
INFO: [Common 17-1381] The checkpoint 'C:/Users/joelk/Documents/ee_files/EE2026/project/individual/taskQ/taskQ.runs/impl_1/Top_Student_placed.dcp' has been generated.
INFO: [runtcl-4] Executing : report_io -file Top_Student_io_placed.rpt
report_io: Time (s): cpu = 00:00:00 ; elapsed = 00:00:00.042 . Memory (MB): peak = 1167.406 ; gain = 0.000
INFO: [runtcl-4] Executing : report_utilization -file Top_Student_utilization_placed.rpt -pb Top_Student_utilization_placed.pb
report_utilization: Time (s): cpu = 00:00:00 ; elapsed = 00:00:00.036 . Memory (MB): peak = 1167.406 ; gain = 0.000
INFO: [runtcl-4] Executing : report_control_sets -verbose -file Top_Student_control_sets_placed.rpt
report_control_sets: Time (s): cpu = 00:00:00 ; elapsed = 00:00:00.004 . Memory (MB): peak = 1167.406 ; gain = 0.000
Command: route_design
Attempting to get a license for feature 'Implementation' and/or device 'xc7a35t'
INFO: [Common 17-349] Got license for feature 'Implementation' and/or device 'xc7a35t'
Running DRC as a precondition to command route_design
INFO: [DRC 23-27] Running DRC with 2 threads
INFO: [Vivado_Tcl 4-198] DRC finished with 0 Errors
INFO: [Vivado_Tcl 4-199] Please refer to the DRC report (report_drc) for more information.


Starting Routing Task
INFO: [Route 35-254] Multithreading enabled for route_design using a maximum of 2 CPUs
Checksum: PlaceDB: 46fc809c ConstDB: 0 ShapeSum: d174203d RouteDB: 0

Phase 1 Build RT Design
Phase 1 Build RT Design | Checksum: 187931874

Time (s): cpu = 00:00:28 ; elapsed = 00:00:24 . Memory (MB): peak = 1264.332 ; gain = 96.926
Post Restoration Checksum: NetGraph: d8daa1fe NumContArr: aeb87676 Constraints: 0 Timing: 0

Phase 2 Router Initialization

Phase 2.1 Create Timer
Phase 2.1 Create Timer | Checksum: 187931874

Time (s): cpu = 00:00:28 ; elapsed = 00:00:24 . Memory (MB): peak = 1264.355 ; gain = 96.949

Phase 2.2 Fix Topology Constraints
Phase 2.2 Fix Topology Constraints | Checksum: 187931874

Time (s): cpu = 00:00:28 ; elapsed = 00:00:25 . Memory (MB): peak = 1270.336 ; gain = 102.930

Phase 2.3 Pre Route Cleanup
Phase 2.3 Pre Route Cleanup | Checksum: 187931874

Time (s): cpu = 00:00:28 ; elapsed = 00:00:25 . Memory (MB): peak = 1270.336 ; gain = 102.930
 Number of Nodes with overlaps = 0

Phase 2.4 Update Timing
Phase 2.4 Update Timing | Checksum: ef855406

Time (s): cpu = 00:00:28 ; elapsed = 00:00:25 . Memory (MB): peak = 1279.484 ; gain = 112.078
INFO: [Route 35-416] Intermediate Timing Summary | WNS=4.697  | TNS=0.000  | WHS=-0.088 | THS=-0.719 |

Phase 2 Router Initialization | Checksum: 10970f73e

Time (s): cpu = 00:00:28 ; elapsed = 00:00:25 . Memory (MB): peak = 1279.484 ; gain = 112.078

Phase 3 Initial Routing
Phase 3 Initial Routing | Checksum: 165f88221

Time (s): cpu = 00:00:29 ; elapsed = 00:00:25 . Memory (MB): peak = 1279.484 ; gain = 112.078

Phase 4 Rip-up And Reroute

Phase 4.1 Global Iteration 0
 Number of Nodes with overlaps = 57
 Number of Nodes with overlaps = 0
INFO: [Route 35-416] Intermediate Timing Summary | WNS=5.321  | TNS=0.000  | WHS=N/A    | THS=N/A    |

Phase 4.1 Global Iteration 0 | Checksum: 1440d1805

Time (s): cpu = 00:00:29 ; elapsed = 00:00:25 . Memory (MB): peak = 1279.484 ; gain = 112.078

Phase 4.2 Global Iteration 1
 Number of Nodes with overlaps = 2
 Number of Nodes with overlaps = 0
INFO: [Route 35-416] Intermediate Timing Summary | WNS=5.321  | TNS=0.000  | WHS=N/A    | THS=N/A    |

Phase 4.2 Global Iteration 1 | Checksum: 176e8b67d

Time (s): cpu = 00:00:29 ; elapsed = 00:00:25 . Memory (MB): peak = 1279.484 ; gain = 112.078
Phase 4 Rip-up And Reroute | Checksum: 176e8b67d

Time (s): cpu = 00:00:29 ; elapsed = 00:00:25 . Memory (MB): peak = 1279.484 ; gain = 112.078

Phase 5 Delay and Skew Optimization

Phase 5.1 Delay CleanUp
Phase 5.1 Delay CleanUp | Checksum: 176e8b67d

Time (s): cpu = 00:00:29 ; elapsed = 00:00:25 . Memory (MB): peak = 1279.484 ; gain = 112.078

Phase 5.2 Clock Skew Optimization
Phase 5.2 Clock Skew Optimization | Checksum: 176e8b67d

Time (s): cpu = 00:00:29 ; elapsed = 00:00:25 . Memory (MB): peak = 1279.484 ; gain = 112.078
Phase 5 Delay and Skew Optimization | Checksum: 176e8b67d

Time (s): cpu = 00:00:29 ; elapsed = 00:00:25 . Memory (MB): peak = 1279.484 ; gain = 112.078

Phase 6 Post Hold Fix

Phase 6.1 Hold Fix Iter

Phase 6.1.1 Update Timing
Phase 6.1.1 Update Timing | Checksum: e3df2c0f

Time (s): cpu = 00:00:29 ; elapsed = 00:00:25 . Memory (MB): peak = 1279.484 ; gain = 112.078
INFO: [Route 35-416] Intermediate Timing Summary | WNS=5.415  | TNS=0.000  | WHS=0.102  | THS=0.000  |

Phase 6.1 Hold Fix Iter | Checksum: 17d4f0638

Time (s): cpu = 00:00:29 ; elapsed = 00:00:25 . Memory (MB): peak = 1279.484 ; gain = 112.078
Phase 6 Post Hold Fix | Checksum: 17d4f0638

Time (s): cpu = 00:00:29 ; elapsed = 00:00:25 . Memory (MB): peak = 1279.484 ; gain = 112.078

Phase 7 Route finalize

Router Utilization Summary
  Global Vertical Routing Utilization    = 0.131787 %
  Global Horizontal Routing Utilization  = 0.0996877 %
  Routable Net Status*
  *Does not include unroutable nets such as driverless and loadless.
  Run report_route_status for detailed report.
  Number of Failed Nets               = 0
  Number of Unrouted Nets             = 0
  Number of Partially Routed Nets     = 0
  Number of Node Overlaps             = 0

Phase 7 Route finalize | Checksum: 145de971f

Time (s): cpu = 00:00:29 ; elapsed = 00:00:26 . Memory (MB): peak = 1279.484 ; gain = 112.078

Phase 8 Verifying routed nets

 Verification completed successfully
Phase 8 Verifying routed nets | Checksum: 145de971f

Time (s): cpu = 00:00:29 ; elapsed = 00:00:26 . Memory (MB): peak = 1279.484 ; gain = 112.078

Phase 9 Depositing Routes
Phase 9 Depositing Routes | Checksum: 17d360f45

Time (s): cpu = 00:00:29 ; elapsed = 00:00:26 . Memory (MB): peak = 1279.484 ; gain = 112.078

Phase 10 Post Router Timing
INFO: [Route 35-57] Estimated Timing Summary | WNS=5.415  | TNS=0.000  | WHS=0.102  | THS=0.000  |

INFO: [Route 35-327] The final timing numbers are based on the router estimated timing analysis. For a complete and accurate timing signoff, please run report_timing_summary.
Phase 10 Post Router Timing | Checksum: 17d360f45

Time (s): cpu = 00:00:29 ; elapsed = 00:00:26 . Memory (MB): peak = 1279.484 ; gain = 112.078
INFO: [Route 35-16] Router Completed Successfully

Time (s): cpu = 00:00:29 ; elapsed = 00:00:26 . Memory (MB): peak = 1279.484 ; gain = 112.078

Routing Is Done.
INFO: [Common 17-83] Releasing license: Implementation
62 Infos, 0 Warnings, 0 Critical Warnings and 0 Errors encountered.
route_design completed successfully
route_design: Time (s): cpu = 00:00:31 ; elapsed = 00:00:27 . Memory (MB): peak = 1279.484 ; gain = 112.078
INFO: [Timing 38-480] Writing timing data to binary archive.
Writing placer database...
Writing XDEF routing.
Writing XDEF routing logical nets.
Writing XDEF routing special nets.
Write XDEF Complete: Time (s): cpu = 00:00:01 ; elapsed = 00:00:00.186 . Memory (MB): peak = 1279.484 ; gain = 0.000
INFO: [Common 17-1381] The checkpoint 'C:/Users/joelk/Documents/ee_files/EE2026/project/individual/taskQ/taskQ.runs/impl_1/Top_Student_routed.dcp' has been generated.
INFO: [runtcl-4] Executing : report_drc -file Top_Student_drc_routed.rpt -pb Top_Student_drc_routed.pb -rpx Top_Student_drc_routed.rpx
Command: report_drc -file Top_Student_drc_routed.rpt -pb Top_Student_drc_routed.pb -rpx Top_Student_drc_routed.rpx
INFO: [DRC 23-27] Running DRC with 2 threads
INFO: [Coretcl 2-168] The results of DRC are in file C:/Users/joelk/Documents/ee_files/EE2026/project/individual/taskQ/taskQ.runs/impl_1/Top_Student_drc_routed.rpt.
report_drc completed successfully
INFO: [runtcl-4] Executing : report_methodology -file Top_Student_methodology_drc_routed.rpt -pb Top_Student_methodology_drc_routed.pb -rpx Top_Student_methodology_drc_routed.rpx
Command: report_methodology -file Top_Student_methodology_drc_routed.rpt -pb Top_Student_methodology_drc_routed.pb -rpx Top_Student_methodology_drc_routed.rpx
INFO: [Timing 38-35] Done setting XDC timing constraints.
INFO: [Timing 38-35] Done setting XDC timing constraints.
INFO: [DRC 23-133] Running Methodology with 2 threads
INFO: [Coretcl 2-1520] The results of Report Methodology are in file C:/Users/joelk/Documents/ee_files/EE2026/project/individual/taskQ/taskQ.runs/impl_1/Top_Student_methodology_drc_routed.rpt.
report_methodology completed successfully
INFO: [runtcl-4] Executing : report_power -file Top_Student_power_routed.rpt -pb Top_Student_power_summary_routed.pb -rpx Top_Student_power_routed.rpx
Command: report_power -file Top_Student_power_routed.rpt -pb Top_Student_power_summary_routed.pb -rpx Top_Student_power_routed.rpx
INFO: [Timing 38-35] Done setting XDC timing constraints.
Running Vector-less Activity Propagation...

Finished Running Vector-less Activity Propagation
74 Infos, 0 Warnings, 0 Critical Warnings and 0 Errors encountered.
report_power completed successfully
INFO: [runtcl-4] Executing : report_route_status -file Top_Student_route_status.rpt -pb Top_Student_route_status.pb
INFO: [runtcl-4] Executing : report_timing_summary -max_paths 10 -file Top_Student_timing_summary_routed.rpt -pb Top_Student_timing_summary_routed.pb -rpx Top_Student_timing_summary_routed.rpx -warn_on_violation 
INFO: [Timing 38-91] UpdateTimingParams: Speed grade: -1, Delay Type: min_max, Timing Stage: Requireds.
INFO: [Timing 38-191] Multithreading enabled for timing update using a maximum of 2 CPUs
INFO: [runtcl-4] Executing : report_incremental_reuse -file Top_Student_incremental_reuse_routed.rpt
INFO: [Vivado_Tcl 4-545] No incremental reuse to report, no incremental placement and routing data was found.
INFO: [runtcl-4] Executing : report_clock_utilization -file Top_Student_clock_utilization_routed.rpt
INFO: [runtcl-4] Executing : report_bus_skew -warn_on_violation -file Top_Student_bus_skew_routed.rpt -pb Top_Student_bus_skew_routed.pb -rpx Top_Student_bus_skew_routed.rpx
INFO: [Timing 38-91] UpdateTimingParams: Speed grade: -1, Delay Type: min_max, Timing Stage: Requireds.
INFO: [Timing 38-191] Multithreading enabled for timing update using a maximum of 2 CPUs
Command: write_bitstream -force Top_Student.bit
Attempting to get a license for feature 'Implementation' and/or device 'xc7a35t'
INFO: [Common 17-349] Got license for feature 'Implementation' and/or device 'xc7a35t'
Running DRC as a precondition to command write_bitstream
INFO: [DRC 23-27] Running DRC with 2 threads
INFO: [Vivado 12-3199] DRC finished with 0 Errors
INFO: [Vivado 12-3200] Please refer to the DRC report (report_drc) for more information.
INFO: [Designutils 20-2272] Running write_bitstream with 2 threads.
Loading data files...
Loading site data...
Loading route data...
Processing options...
Creating bitmap...
Creating bitstream...
Bitstream compression saved 13732416 bits.
Writing bitstream ./Top_Student.bit...
INFO: [Vivado 12-1842] Bitgen Completed Successfully.
INFO: [Project 1-120] WebTalk data collection is mandatory when using a WebPACK part without a full Vivado license. To see the specific WebTalk data collected for your design, open the usage_statistics_webtalk.html or usage_statistics_webtalk.xml file in the implementation directory.
INFO: [Common 17-83] Releasing license: Implementation
92 Infos, 0 Warnings, 0 Critical Warnings and 0 Errors encountered.
write_bitstream completed successfully
write_bitstream: Time (s): cpu = 00:00:14 ; elapsed = 00:00:14 . Memory (MB): peak = 1712.727 ; gain = 405.383
INFO: [Common 17-206] Exiting Vivado at Tue Oct  7 02:42:20 2025...
