
*** Running vivado
    with args -log Top_Student.vds -m64 -product Vivado -mode batch -messageDb vivado.pb -notrace -source Top_Student.tcl


****** Vivado v2018.2 (64-bit)
  **** SW Build 2258646 on Thu Jun 14 20:03:12 MDT 2018
  **** IP Build 2256618 on Thu Jun 14 22:10:49 MDT 2018
    ** Copyright 1986-2018 Xilinx, Inc. All Rights Reserved.

source Top_Student.tcl -notrace
Command: synth_design -top Top_Student -part xc7a35tcpg236-1
Starting synth_design
Attempting to get a license for feature 'Synthesis' and/or device 'xc7a35t'
INFO: [Common 17-349] Got license for feature 'Synthesis' and/or device 'xc7a35t'
INFO: Launching helper process for spawning children vivado processes
INFO: Helper process launched with PID 21860 
WARNING: [Synth 8-2507] parameter declaration becomes local in identify_square_boundary with formal parameter declaration list [C:/Users/joelk/Documents/ee_files/EE2026/project/individual/combined/combined.srcs/sources_1/new/taskS.v:293]
WARNING: [Synth 8-2507] parameter declaration becomes local in identify_square_boundary with formal parameter declaration list [C:/Users/joelk/Documents/ee_files/EE2026/project/individual/combined/combined.srcs/sources_1/new/taskS.v:294]
WARNING: [Synth 8-2507] parameter declaration becomes local in identify_square_boundary with formal parameter declaration list [C:/Users/joelk/Documents/ee_files/EE2026/project/individual/combined/combined.srcs/sources_1/new/taskS.v:295]
WARNING: [Synth 8-2507] parameter declaration becomes local in identify_square_boundary with formal parameter declaration list [C:/Users/joelk/Documents/ee_files/EE2026/project/individual/combined/combined.srcs/sources_1/new/taskS.v:296]
WARNING: [Synth 8-2507] parameter declaration becomes local in identify_square_boundary with formal parameter declaration list [C:/Users/joelk/Documents/ee_files/EE2026/project/individual/combined/combined.srcs/sources_1/new/taskS.v:297]
WARNING: [Synth 8-2507] parameter declaration becomes local in identify_rect_border with formal parameter declaration list [C:/Users/joelk/Documents/ee_files/EE2026/project/individual/combined/combined.srcs/sources_1/new/taskS.v:318]
WARNING: [Synth 8-2507] parameter declaration becomes local in identify_rect_border with formal parameter declaration list [C:/Users/joelk/Documents/ee_files/EE2026/project/individual/combined/combined.srcs/sources_1/new/taskS.v:319]
WARNING: [Synth 8-2507] parameter declaration becomes local in identify_rect_border with formal parameter declaration list [C:/Users/joelk/Documents/ee_files/EE2026/project/individual/combined/combined.srcs/sources_1/new/taskS.v:320]
WARNING: [Synth 8-2507] parameter declaration becomes local in identify_rect_border with formal parameter declaration list [C:/Users/joelk/Documents/ee_files/EE2026/project/individual/combined/combined.srcs/sources_1/new/taskS.v:321]
WARNING: [Synth 8-2507] parameter declaration becomes local in identify_rect_border with formal parameter declaration list [C:/Users/joelk/Documents/ee_files/EE2026/project/individual/combined/combined.srcs/sources_1/new/taskS.v:322]
WARNING: [Synth 8-2507] parameter declaration becomes local in get_next_check_collision with formal parameter declaration list [C:/Users/joelk/Documents/ee_files/EE2026/project/individual/combined/combined.srcs/sources_1/new/taskS.v:375]
WARNING: [Synth 8-2507] parameter declaration becomes local in get_next_check_collision with formal parameter declaration list [C:/Users/joelk/Documents/ee_files/EE2026/project/individual/combined/combined.srcs/sources_1/new/taskS.v:376]
WARNING: [Synth 8-2507] parameter declaration becomes local in get_next_check_collision with formal parameter declaration list [C:/Users/joelk/Documents/ee_files/EE2026/project/individual/combined/combined.srcs/sources_1/new/taskS.v:377]
WARNING: [Synth 8-2507] parameter declaration becomes local in get_next_check_collision with formal parameter declaration list [C:/Users/joelk/Documents/ee_files/EE2026/project/individual/combined/combined.srcs/sources_1/new/taskS.v:378]
WARNING: [Synth 8-2507] parameter declaration becomes local in get_next_check_collision with formal parameter declaration list [C:/Users/joelk/Documents/ee_files/EE2026/project/individual/combined/combined.srcs/sources_1/new/taskS.v:379]
---------------------------------------------------------------------------------
Starting RTL Elaboration : Time (s): cpu = 00:00:02 ; elapsed = 00:00:03 . Memory (MB): peak = 368.824 ; gain = 111.746
---------------------------------------------------------------------------------
INFO: [Synth 8-6157] synthesizing module 'Top_Student' [C:/Users/joelk/Documents/ee_files/EE2026/project/individual/combined/combined.srcs/sources_1/new/Top_Student.v:13]
INFO: [Synth 8-6157] synthesizing module 'Seven_Seg' [C:/Users/joelk/Documents/ee_files/EE2026/project/individual/combined/combined.srcs/sources_1/new/Seven_Seg.v:23]
INFO: [Synth 8-226] default block is never used [C:/Users/joelk/Documents/ee_files/EE2026/project/individual/combined/combined.srcs/sources_1/new/Seven_Seg.v:61]
WARNING: [Synth 8-6014] Unused sequential element clock_enable_381hz_reg was removed.  [C:/Users/joelk/Documents/ee_files/EE2026/project/individual/combined/combined.srcs/sources_1/new/Seven_Seg.v:38]
WARNING: [Synth 8-6014] Unused sequential element current_digit_reg was removed.  [C:/Users/joelk/Documents/ee_files/EE2026/project/individual/combined/combined.srcs/sources_1/new/Seven_Seg.v:46]
INFO: [Synth 8-6155] done synthesizing module 'Seven_Seg' (1#1) [C:/Users/joelk/Documents/ee_files/EE2026/project/individual/combined/combined.srcs/sources_1/new/Seven_Seg.v:23]
INFO: [Synth 8-6157] synthesizing module 'Task_P' [C:/Users/joelk/Documents/ee_files/EE2026/project/individual/combined/combined.srcs/sources_1/new/Task_P.v:9]
	Parameter Width bound to: 96 - type: integer 
	Parameter Height bound to: 64 - type: integer 
	Parameter PixelCount bound to: 6144 - type: integer 
	Parameter CIRCLE_X bound to: 10 - type: integer 
	Parameter CIRCLE_Y bound to: 10 - type: integer 
	Parameter CIRCLE_R bound to: 8 - type: integer 
	Parameter MIN_HEIGHT bound to: 50 - type: integer 
	Parameter MIN_WIDTH bound to: 30 - type: integer 
	Parameter MIN_THICKNESS bound to: 8 - type: integer 
	Parameter ROW_OFFSET bound to: 7 - type: integer 
	Parameter LEFT_COL_OFFSET bound to: 22 - type: integer 
	Parameter RIGHT_COL_OFFSET bound to: 60 - type: integer 
INFO: [Synth 8-6157] synthesizing module 'Oled_Display' [C:/Users/joelk/Documents/ee_files/EE2026/project/individual/combined/combined.srcs/sources_1/imports/Desktop/Oled_Display.v:36]
	Parameter Width bound to: 96 - type: integer 
	Parameter Height bound to: 64 - type: integer 
	Parameter PixelCount bound to: 6144 - type: integer 
	Parameter PixelCountWidth bound to: 13 - type: integer 
	Parameter ClkFreq bound to: 6250000 - type: integer 
	Parameter FrameFreq bound to: 60 - type: integer 
	Parameter FrameDiv bound to: 104166 - type: integer 
	Parameter FrameDivWidth bound to: 17 - type: integer 
	Parameter PowerDelay bound to: 20 - type: integer 
	Parameter ResetDelay bound to: 3 - type: integer 
	Parameter VccEnDelay bound to: 20 - type: integer 
	Parameter StartupCompleteDelay bound to: 100 - type: integer 
	Parameter MaxDelay bound to: 100 - type: integer 
	Parameter MaxDelayCount bound to: 625000 - type: integer 
	Parameter StateCount bound to: 32 - type: integer 
	Parameter StateWidth bound to: 5 - type: integer 
	Parameter PowerUp bound to: 5'b00000 
	Parameter Reset bound to: 5'b00001 
	Parameter ReleaseReset bound to: 5'b00011 
	Parameter EnableDriver bound to: 5'b00010 
	Parameter DisplayOff bound to: 5'b00110 
	Parameter SetRemapDisplayFormat bound to: 5'b00111 
	Parameter SetStartLine bound to: 5'b00101 
	Parameter SetOffset bound to: 5'b00100 
	Parameter SetNormalDisplay bound to: 5'b01100 
	Parameter SetMultiplexRatio bound to: 5'b01101 
	Parameter SetMasterConfiguration bound to: 5'b01111 
	Parameter DisablePowerSave bound to: 5'b01110 
	Parameter SetPhaseAdjust bound to: 5'b01010 
	Parameter SetDisplayClock bound to: 5'b01011 
	Parameter SetSecondPrechargeA bound to: 5'b01001 
	Parameter SetSecondPrechargeB bound to: 5'b01000 
	Parameter SetSecondPrechargeC bound to: 5'b11000 
	Parameter SetPrechargeLevel bound to: 5'b11001 
	Parameter SetVCOMH bound to: 5'b11011 
	Parameter SetMasterCurrent bound to: 5'b11010 
	Parameter SetContrastA bound to: 5'b11110 
	Parameter SetContrastB bound to: 5'b11111 
	Parameter SetContrastC bound to: 5'b11101 
	Parameter DisableScrolling bound to: 5'b11100 
	Parameter ClearScreen bound to: 5'b10100 
	Parameter VccEn bound to: 5'b10101 
	Parameter DisplayOn bound to: 5'b10111 
	Parameter PrepareNextFrame bound to: 5'b10110 
	Parameter SetColAddress bound to: 5'b10010 
	Parameter SetRowAddress bound to: 5'b10011 
	Parameter WaitNextFrame bound to: 5'b10001 
	Parameter SendPixel bound to: 5'b10000 
	Parameter SpiCommandMaxWidth bound to: 40 - type: integer 
	Parameter SpiCommandBitCountWidth bound to: 6 - type: integer 
INFO: [Synth 8-226] default block is never used [C:/Users/joelk/Documents/ee_files/EE2026/project/individual/combined/combined.srcs/sources_1/imports/Desktop/Oled_Display.v:123]
INFO: [Synth 8-226] default block is never used [C:/Users/joelk/Documents/ee_files/EE2026/project/individual/combined/combined.srcs/sources_1/imports/Desktop/Oled_Display.v:198]
WARNING: [Synth 8-693] zero replication count - replication ignored [C:/Users/joelk/Documents/ee_files/EE2026/project/individual/combined/combined.srcs/sources_1/imports/Desktop/Oled_Display.v:346]
INFO: [Synth 8-6155] done synthesizing module 'Oled_Display' (2#1) [C:/Users/joelk/Documents/ee_files/EE2026/project/individual/combined/combined.srcs/sources_1/imports/Desktop/Oled_Display.v:36]
INFO: [Synth 8-6155] done synthesizing module 'Task_P' (3#1) [C:/Users/joelk/Documents/ee_files/EE2026/project/individual/combined/combined.srcs/sources_1/new/Task_P.v:9]
INFO: [Synth 8-6157] synthesizing module 'Task_Q' [C:/Users/joelk/Documents/ee_files/EE2026/project/individual/combined/combined.srcs/sources_1/new/Task_Q.v:75]
INFO: [Synth 8-6157] synthesizing module 'screen_625mhz' [C:/Users/joelk/Documents/ee_files/EE2026/project/individual/combined/combined.srcs/sources_1/new/Task_Q.v:11]
INFO: [Synth 8-6155] done synthesizing module 'screen_625mhz' (4#1) [C:/Users/joelk/Documents/ee_files/EE2026/project/individual/combined/combined.srcs/sources_1/new/Task_Q.v:11]
INFO: [Synth 8-6157] synthesizing module 'btn_debounce' [C:/Users/joelk/Documents/ee_files/EE2026/project/individual/combined/combined.srcs/sources_1/new/Task_Q.v:41]
INFO: [Synth 8-6155] done synthesizing module 'btn_debounce' (5#1) [C:/Users/joelk/Documents/ee_files/EE2026/project/individual/combined/combined.srcs/sources_1/new/Task_Q.v:41]
INFO: [Synth 8-6157] synthesizing module 'next_color' [C:/Users/joelk/Documents/ee_files/EE2026/project/individual/combined/combined.srcs/sources_1/new/Task_Q.v:27]
INFO: [Synth 8-6155] done synthesizing module 'next_color' (6#1) [C:/Users/joelk/Documents/ee_files/EE2026/project/individual/combined/combined.srcs/sources_1/new/Task_Q.v:27]
INFO: [Synth 8-6155] done synthesizing module 'Task_Q' (7#1) [C:/Users/joelk/Documents/ee_files/EE2026/project/individual/combined/combined.srcs/sources_1/new/Task_Q.v:75]
INFO: [Synth 8-6157] synthesizing module 'Task_R' [C:/Users/joelk/Documents/ee_files/EE2026/project/individual/combined/combined.srcs/sources_1/new/Task_R.v:8]
	Parameter CHAR_WIDTH bound to: 16 - type: integer 
	Parameter CHAR_HEIGHT bound to: 26 - type: integer 
	Parameter CHAR_THICKNESS bound to: 4 - type: integer 
WARNING: [Synth 8-567] referenced signal 'r_offset_seven' should be on the sensitivity list [C:/Users/joelk/Documents/ee_files/EE2026/project/individual/combined/combined.srcs/sources_1/new/Task_R.v:56]
WARNING: [Synth 8-567] referenced signal 'c_offset_seven' should be on the sensitivity list [C:/Users/joelk/Documents/ee_files/EE2026/project/individual/combined/combined.srcs/sources_1/new/Task_R.v:56]
WARNING: [Synth 8-567] referenced signal 'r_offset_zero' should be on the sensitivity list [C:/Users/joelk/Documents/ee_files/EE2026/project/individual/combined/combined.srcs/sources_1/new/Task_R.v:56]
WARNING: [Synth 8-567] referenced signal 'c_offset_zero' should be on the sensitivity list [C:/Users/joelk/Documents/ee_files/EE2026/project/individual/combined/combined.srcs/sources_1/new/Task_R.v:56]
INFO: [Synth 8-6155] done synthesizing module 'Task_R' (8#1) [C:/Users/joelk/Documents/ee_files/EE2026/project/individual/combined/combined.srcs/sources_1/new/Task_R.v:8]
INFO: [Synth 8-6157] synthesizing module 'Task_S' [C:/Users/joelk/Documents/ee_files/EE2026/project/individual/combined/combined.srcs/sources_1/new/taskS.v:7]
INFO: [Synth 8-6157] synthesizing module 'clk6p25m' [C:/Users/joelk/Documents/ee_files/EE2026/project/individual/combined/combined.srcs/sources_1/new/taskS.v:63]
INFO: [Synth 8-6155] done synthesizing module 'clk6p25m' (9#1) [C:/Users/joelk/Documents/ee_files/EE2026/project/individual/combined/combined.srcs/sources_1/new/taskS.v:63]
INFO: [Synth 8-6157] synthesizing module 'task_S' [C:/Users/joelk/Documents/ee_files/EE2026/project/individual/combined/combined.srcs/sources_1/new/taskS.v:85]
	Parameter SCREEN_WIDTH bound to: 96 - type: integer 
	Parameter SCREEN_HEIGHT bound to: 64 - type: integer 
	Parameter SCREEN_CENTER_X bound to: 48 - type: integer 
	Parameter SCREEN_CENTER_Y bound to: 32 - type: integer 
	Parameter CIRCLE_RADIUS bound to: 12 - type: integer 
	Parameter SQUARE_TOP_LEFT_X bound to: 4 - type: integer 
	Parameter SQUARE_TOP_LEFT_Y bound to: 38 - type: integer 
	Parameter SQUARE_SIDE_LENGTH bound to: 25 - type: integer 
	Parameter LINE_THICKNESS bound to: 3 - type: integer 
	Parameter RED bound to: 16'b1111100000000000 
	Parameter BLACK bound to: 16'b0000000000000000 
	Parameter WHITE bound to: 16'b1111111111111111 
	Parameter GREEN bound to: 16'b0000011111100000 
	Parameter CHAR_HEIGHT bound to: 12 - type: integer 
	Parameter CHAR_WIDTH bound to: 8 - type: integer 
	Parameter INNER_W bound to: 19 - type: integer 
	Parameter INNER_H bound to: 19 - type: integer 
	Parameter CHAR_TOP_LEFT_X bound to: 12 - type: integer 
	Parameter CHAR_TOP_LEFT_Y bound to: 44 - type: integer 
	Parameter MOVE_EVERY_FRAMES bound to: 24 - type: integer 
INFO: [Synth 8-6157] synthesizing module 'identify_circle' [C:/Users/joelk/Documents/ee_files/EE2026/project/individual/combined/combined.srcs/sources_1/new/taskS.v:260]
INFO: [Synth 8-6155] done synthesizing module 'identify_circle' (10#1) [C:/Users/joelk/Documents/ee_files/EE2026/project/individual/combined/combined.srcs/sources_1/new/taskS.v:260]
INFO: [Synth 8-6157] synthesizing module 'identify_square_boundary' [C:/Users/joelk/Documents/ee_files/EE2026/project/individual/combined/combined.srcs/sources_1/new/taskS.v:283]
	Parameter TOP_LEFT_X bound to: 4 - type: integer 
	Parameter TOP_LEFT_Y bound to: 38 - type: integer 
	Parameter SIDE_LENGTH bound to: 25 - type: integer 
	Parameter LINE_THICKNESS bound to: 3 - type: integer 
	Parameter X0 bound to: 4 - type: integer 
	Parameter Y0 bound to: 38 - type: integer 
	Parameter X1 bound to: 28 - type: integer 
	Parameter Y1 bound to: 62 - type: integer 
	Parameter T bound to: 3 - type: integer 
INFO: [Synth 8-6155] done synthesizing module 'identify_square_boundary' (11#1) [C:/Users/joelk/Documents/ee_files/EE2026/project/individual/combined/combined.srcs/sources_1/new/taskS.v:283]
INFO: [Synth 8-6157] synthesizing module 'identify_rect_border' [C:/Users/joelk/Documents/ee_files/EE2026/project/individual/combined/combined.srcs/sources_1/new/taskS.v:307]
	Parameter TOP_LEFT_X bound to: 12 - type: integer 
	Parameter TOP_LEFT_Y bound to: 44 - type: integer 
	Parameter WIDTH bound to: 8 - type: integer 
	Parameter HEIGHT bound to: 12 - type: integer 
	Parameter THICKNESS bound to: 3 - type: integer 
	Parameter RX0 bound to: 12 - type: integer 
	Parameter RY0 bound to: 44 - type: integer 
	Parameter RX1 bound to: 19 - type: integer 
	Parameter RY1 bound to: 55 - type: integer 
	Parameter T bound to: 3 - type: integer 
INFO: [Synth 8-6155] done synthesizing module 'identify_rect_border' (12#1) [C:/Users/joelk/Documents/ee_files/EE2026/project/individual/combined/combined.srcs/sources_1/new/taskS.v:307]
INFO: [Synth 8-6157] synthesizing module 'get_next_check_collision' [C:/Users/joelk/Documents/ee_files/EE2026/project/individual/combined/combined.srcs/sources_1/new/taskS.v:332]
	Parameter WIDTH bound to: 96 - type: integer 
	Parameter HEIGHT bound to: 64 - type: integer 
	Parameter SQUARE_X bound to: 4 - type: integer 
	Parameter SQUARE_Y bound to: 38 - type: integer 
	Parameter SQUARE_SIDE bound to: 25 - type: integer 
	Parameter LINE_THICKNESS bound to: 3 - type: integer 
	Parameter X0 bound to: 4 - type: integer 
	Parameter Y0 bound to: 38 - type: integer 
	Parameter X1 bound to: 28 - type: integer 
	Parameter Y1 bound to: 62 - type: integer 
	Parameter T bound to: 3 - type: integer 
INFO: [Synth 8-6155] done synthesizing module 'get_next_check_collision' (13#1) [C:/Users/joelk/Documents/ee_files/EE2026/project/individual/combined/combined.srcs/sources_1/new/taskS.v:332]
INFO: [Synth 8-6155] done synthesizing module 'task_S' (14#1) [C:/Users/joelk/Documents/ee_files/EE2026/project/individual/combined/combined.srcs/sources_1/new/taskS.v:85]
INFO: [Synth 8-6155] done synthesizing module 'Task_S' (15#1) [C:/Users/joelk/Documents/ee_files/EE2026/project/individual/combined/combined.srcs/sources_1/new/taskS.v:7]
INFO: [Synth 8-6155] done synthesizing module 'Top_Student' (16#1) [C:/Users/joelk/Documents/ee_files/EE2026/project/individual/combined/combined.srcs/sources_1/new/Top_Student.v:13]
WARNING: [Synth 8-3331] design Task_S has unconnected port JB[2]
WARNING: [Synth 8-3331] design Task_R has unconnected port JB[2]
WARNING: [Synth 8-3331] design Task_Q has unconnected port JB[2]
WARNING: [Synth 8-3331] design Task_P has unconnected port JB[2]
WARNING: [Synth 8-3331] design Top_Student has unconnected port sw[11]
WARNING: [Synth 8-3331] design Top_Student has unconnected port sw[10]
WARNING: [Synth 8-3331] design Top_Student has unconnected port sw[9]
WARNING: [Synth 8-3331] design Top_Student has unconnected port sw[8]
WARNING: [Synth 8-3331] design Top_Student has unconnected port sw[7]
WARNING: [Synth 8-3331] design Top_Student has unconnected port sw[6]
WARNING: [Synth 8-3331] design Top_Student has unconnected port sw[5]
WARNING: [Synth 8-3331] design Top_Student has unconnected port sw[4]
WARNING: [Synth 8-3331] design Top_Student has unconnected port sw[2]
WARNING: [Synth 8-3331] design Top_Student has unconnected port sw[0]
---------------------------------------------------------------------------------
Finished RTL Elaboration : Time (s): cpu = 00:00:03 ; elapsed = 00:00:04 . Memory (MB): peak = 409.379 ; gain = 152.301
---------------------------------------------------------------------------------

Report Check Netlist: 
+------+------------------+-------+---------+-------+------------------+
|      |Item              |Errors |Warnings |Status |Description       |
+------+------------------+-------+---------+-------+------------------+
|1     |multi_driven_nets |      0|        0|Passed |Multi driven nets |
+------+------------------+-------+---------+-------+------------------+
---------------------------------------------------------------------------------
Start Handling Custom Attributes
---------------------------------------------------------------------------------
---------------------------------------------------------------------------------
Finished Handling Custom Attributes : Time (s): cpu = 00:00:03 ; elapsed = 00:00:04 . Memory (MB): peak = 409.379 ; gain = 152.301
---------------------------------------------------------------------------------
---------------------------------------------------------------------------------
Finished RTL Optimization Phase 1 : Time (s): cpu = 00:00:03 ; elapsed = 00:00:04 . Memory (MB): peak = 409.379 ; gain = 152.301
---------------------------------------------------------------------------------
INFO: [Device 21-403] Loading part xc7a35tcpg236-1
INFO: [Project 1-570] Preparing netlist for logic optimization

Processing XDC Constraints
Initializing timing engine
Parsing XDC File [C:/Users/joelk/Documents/ee_files/EE2026/project/individual/combined/combined.srcs/constrs_1/imports/Downloads/Basys3_Master.xdc]
Finished Parsing XDC File [C:/Users/joelk/Documents/ee_files/EE2026/project/individual/combined/combined.srcs/constrs_1/imports/Downloads/Basys3_Master.xdc]
INFO: [Project 1-236] Implementation specific constraints were found while reading constraint file [C:/Users/joelk/Documents/ee_files/EE2026/project/individual/combined/combined.srcs/constrs_1/imports/Downloads/Basys3_Master.xdc]. These constraints will be ignored for synthesis but will be used in implementation. Impacted constraints are listed in the file [.Xil/Top_Student_propImpl.xdc].
Resolution: To avoid this warning, move constraints listed in [.Xil/Top_Student_propImpl.xdc] to another XDC file and exclude this new file from synthesis with the used_in_synthesis property (File Properties dialog in GUI) and re-run elaboration/synthesis.
Completed Processing XDC Constraints

INFO: [Project 1-111] Unisim Transformation Summary:
No Unisim elements were transformed.

Constraint Validation Runtime : Time (s): cpu = 00:00:00 ; elapsed = 00:00:00.002 . Memory (MB): peak = 750.012 ; gain = 0.000
---------------------------------------------------------------------------------
Finished Constraint Validation : Time (s): cpu = 00:00:13 ; elapsed = 00:00:15 . Memory (MB): peak = 750.012 ; gain = 492.934
---------------------------------------------------------------------------------
---------------------------------------------------------------------------------
Start Loading Part and Timing Information
---------------------------------------------------------------------------------
Loading part: xc7a35tcpg236-1
---------------------------------------------------------------------------------
Finished Loading Part and Timing Information : Time (s): cpu = 00:00:13 ; elapsed = 00:00:15 . Memory (MB): peak = 750.012 ; gain = 492.934
---------------------------------------------------------------------------------
---------------------------------------------------------------------------------
Start Applying 'set_property' XDC Constraints
---------------------------------------------------------------------------------
---------------------------------------------------------------------------------
Finished applying 'set_property' XDC Constraints : Time (s): cpu = 00:00:13 ; elapsed = 00:00:15 . Memory (MB): peak = 750.012 ; gain = 492.934
---------------------------------------------------------------------------------
INFO: [Synth 8-802] inferred FSM for state register 'state_reg' in module 'Oled_Display'
INFO: [Synth 8-5546] ROM "fsm_next_state0" won't be mapped to RAM because it is too sparse
INFO: [Synth 8-5544] ROM "fsm_next_state0" won't be mapped to Block RAM because address size (1) smaller than threshold (5)
INFO: [Synth 8-5546] ROM "fsm_next_state0" won't be mapped to RAM because it is too sparse
INFO: [Synth 8-5544] ROM "clk6p25m" won't be mapped to Block RAM because address size (4) smaller than threshold (5)
INFO: [Synth 8-5544] ROM "screen0" won't be mapped to Block RAM because address size (4) smaller than threshold (5)
INFO: [Synth 8-5544] ROM "pixel_data" won't be mapped to Block RAM because address size (1) smaller than threshold (5)
INFO: [Synth 8-5818] HDL ADVISOR - The operator resource <adder> is shared. To prevent sharing consider applying a KEEP on the output of the operator [C:/Users/joelk/Documents/ee_files/EE2026/project/individual/combined/combined.srcs/sources_1/new/Task_R.v:111]
INFO: [Synth 8-5818] HDL ADVISOR - The operator resource <adder> is shared. To prevent sharing consider applying a KEEP on the output of the operator [C:/Users/joelk/Documents/ee_files/EE2026/project/individual/combined/combined.srcs/sources_1/new/Task_R.v:95]
INFO: [Synth 8-5544] ROM "slow_clk" won't be mapped to Block RAM because address size (3) smaller than threshold (5)
INFO: [Synth 8-5818] HDL ADVISOR - The operator resource <adder> is shared. To prevent sharing consider applying a KEEP on the output of the operator [C:/Users/joelk/Documents/ee_files/EE2026/project/individual/combined/combined.srcs/sources_1/new/taskS.v:275]
INFO: [Synth 8-5818] HDL ADVISOR - The operator resource <adder> is shared. To prevent sharing consider applying a KEEP on the output of the operator [C:/Users/joelk/Documents/ee_files/EE2026/project/individual/combined/combined.srcs/sources_1/new/taskS.v:274]
DSP Debug: swapped A/B pins for adder 000001FB1BF1C1F0
DSP Debug: swapped A/B pins for adder 000001FB1BF1DB10
INFO: [Synth 8-5546] ROM "move_now" won't be mapped to RAM because it is too sparse
---------------------------------------------------------------------------------------------------
                   State |                     New Encoding |                Previous Encoding 
---------------------------------------------------------------------------------------------------
                 PowerUp | 00000000100000000000000000000000 |                            00000
                   Reset | 00000000000100000000000000000000 |                            00001
            ReleaseReset | 00000000000000000000100000000000 |                            00011
            EnableDriver | 00000000000000000001000000000000 |                            00010
              DisplayOff | 00000000000000000100000000000000 |                            00110
   SetRemapDisplayFormat | 00000100000000000000000000000000 |                            00111
            SetStartLine | 00001000000000000000000000000000 |                            00101
               SetOffset | 10000000000000000000000000000000 |                            00100
        SetNormalDisplay | 00000000000000000000000010000000 |                            01100
       SetMultiplexRatio | 00000000000000000000000000100000 |                            01101
  SetMasterConfiguration | 00000000000000000000000001000000 |                            01111
        DisablePowerSave | 00000000000000000000000000000100 |                            01110
          SetPhaseAdjust | 00000000000000000000000000001000 |                            01010
         SetDisplayClock | 00000000001000000000000000000000 |                            01011
     SetSecondPrechargeA | 00000000010000000000000000000000 |                            01001
     SetSecondPrechargeB | 01000000000000000000000000000000 |                            01000
     SetSecondPrechargeC | 00000010000000000000000000000000 |                            11000
       SetPrechargeLevel | 00000001000000000000000000000000 |                            11001
                SetVCOMH | 00000000000000010000000000000000 |                            11011
        SetMasterCurrent | 00000000000000100000000000000000 |                            11010
            SetContrastA | 00000000000001000000000000000000 |                            11110
            SetContrastB | 00100000000000000000000000000000 |                            11111
            SetContrastC | 00000000000000000000000000000001 |                            11101
        DisableScrolling | 00000000000000000000000000000010 |                            11100
             ClearScreen | 00000000000000000000000000010000 |                            10100
                   VccEn | 00010000000000000000000000000000 |                            10101
               DisplayOn | 00000000000010000000000000000000 |                            10111
        PrepareNextFrame | 00000000000000001000000000000000 |                            10110
           SetColAddress | 00000000000000000000010000000000 |                            10010
           SetRowAddress | 00000000000000000000000100000000 |                            10011
           WaitNextFrame | 00000000000000000000001000000000 |                            10001
               SendPixel | 00000000000000000010000000000000 |                            10000
---------------------------------------------------------------------------------------------------
INFO: [Synth 8-3354] encoded FSM with state register 'state_reg' using encoding 'one-hot' in module 'Oled_Display'
---------------------------------------------------------------------------------
Finished RTL Optimization Phase 2 : Time (s): cpu = 00:00:14 ; elapsed = 00:00:16 . Memory (MB): peak = 750.012 ; gain = 492.934
---------------------------------------------------------------------------------

Report RTL Partitions: 
+-+--------------+------------+----------+
| |RTL Partition |Replication |Instances |
+-+--------------+------------+----------+
+-+--------------+------------+----------+
---------------------------------------------------------------------------------
Start RTL Component Statistics 
---------------------------------------------------------------------------------
Detailed RTL Component Info : 
+---Adders : 
	   2 Input     32 Bit       Adders := 5     
	   2 Input     17 Bit       Adders := 4     
	   3 Input     10 Bit       Adders := 1     
	   2 Input      9 Bit       Adders := 17    
	   2 Input      8 Bit       Adders := 6     
	   3 Input      8 Bit       Adders := 2     
	   2 Input      7 Bit       Adders := 5     
	   2 Input      6 Bit       Adders := 4     
	   2 Input      4 Bit       Adders := 2     
	   2 Input      3 Bit       Adders := 5     
	   2 Input      2 Bit       Adders := 1     
+---Registers : 
	               40 Bit    Registers := 4     
	               17 Bit    Registers := 4     
	               16 Bit    Registers := 2     
	                8 Bit    Registers := 11    
	                7 Bit    Registers := 3     
	                6 Bit    Registers := 4     
	                4 Bit    Registers := 3     
	                3 Bit    Registers := 5     
	                2 Bit    Registers := 2     
	                1 Bit    Registers := 18    
+---Multipliers : 
	                32x32  Multipliers := 2     
+---Muxes : 
	   2 Input     40 Bit        Muxes := 12    
	  32 Input     32 Bit        Muxes := 4     
	   2 Input     32 Bit        Muxes := 8     
	  32 Input     20 Bit        Muxes := 4     
	   2 Input     17 Bit        Muxes := 4     
	   2 Input     16 Bit        Muxes := 9     
	   3 Input     16 Bit        Muxes := 3     
	   6 Input     16 Bit        Muxes := 3     
	   2 Input      9 Bit        Muxes := 8     
	   2 Input      8 Bit        Muxes := 6     
	   2 Input      7 Bit        Muxes := 2     
	  32 Input      6 Bit        Muxes := 4     
	   2 Input      6 Bit        Muxes := 4     
	   4 Input      5 Bit        Muxes := 1     
	   2 Input      5 Bit        Muxes := 8     
	  32 Input      5 Bit        Muxes := 4     
	   4 Input      4 Bit        Muxes := 1     
	   2 Input      4 Bit        Muxes := 2     
	   2 Input      3 Bit        Muxes := 4     
	   2 Input      2 Bit        Muxes := 7     
	   2 Input      1 Bit        Muxes := 41    
---------------------------------------------------------------------------------
Finished RTL Component Statistics 
---------------------------------------------------------------------------------
---------------------------------------------------------------------------------
Start RTL Hierarchical Component Statistics 
---------------------------------------------------------------------------------
Hierarchical RTL Component report 
Module Seven_Seg 
Detailed RTL Component Info : 
+---Adders : 
	   2 Input      2 Bit       Adders := 1     
+---Registers : 
	                8 Bit    Registers := 1     
	                4 Bit    Registers := 1     
	                2 Bit    Registers := 1     
+---Muxes : 
	   4 Input      5 Bit        Muxes := 1     
	   4 Input      4 Bit        Muxes := 1     
Module Oled_Display 
Detailed RTL Component Info : 
+---Adders : 
	   2 Input     17 Bit       Adders := 1     
	   2 Input      6 Bit       Adders := 1     
+---Registers : 
	               40 Bit    Registers := 1     
	               17 Bit    Registers := 1     
	                6 Bit    Registers := 1     
+---Muxes : 
	   2 Input     40 Bit        Muxes := 3     
	  32 Input     32 Bit        Muxes := 1     
	   2 Input     32 Bit        Muxes := 2     
	  32 Input     20 Bit        Muxes := 1     
	   2 Input     17 Bit        Muxes := 1     
	  32 Input      6 Bit        Muxes := 1     
	   2 Input      6 Bit        Muxes := 1     
	   2 Input      5 Bit        Muxes := 2     
	  32 Input      5 Bit        Muxes := 1     
	   2 Input      1 Bit        Muxes := 2     
Module Task_P 
Detailed RTL Component Info : 
+---Adders : 
	   2 Input     32 Bit       Adders := 3     
	   2 Input      4 Bit       Adders := 1     
+---Registers : 
	                4 Bit    Registers := 1     
	                1 Bit    Registers := 5     
+---Multipliers : 
	                32x32  Multipliers := 2     
+---Muxes : 
	   2 Input     16 Bit        Muxes := 2     
	   3 Input     16 Bit        Muxes := 1     
	   2 Input      4 Bit        Muxes := 1     
	   2 Input      1 Bit        Muxes := 3     
Module screen_625mhz 
Detailed RTL Component Info : 
+---Adders : 
	   2 Input      4 Bit       Adders := 1     
+---Registers : 
	                4 Bit    Registers := 1     
	                1 Bit    Registers := 1     
+---Muxes : 
	   2 Input      4 Bit        Muxes := 1     
	   2 Input      1 Bit        Muxes := 1     
Module btn_debounce 
Detailed RTL Component Info : 
+---Registers : 
	                1 Bit    Registers := 3     
+---Muxes : 
	   2 Input      1 Bit        Muxes := 4     
Module next_color 
Detailed RTL Component Info : 
+---Muxes : 
	   6 Input     16 Bit        Muxes := 1     
Module Task_Q 
Detailed RTL Component Info : 
+---Adders : 
	   2 Input      3 Bit       Adders := 3     
+---Registers : 
	               16 Bit    Registers := 1     
	                3 Bit    Registers := 3     
+---Muxes : 
	   2 Input     16 Bit        Muxes := 1     
	   3 Input     16 Bit        Muxes := 1     
	   2 Input      3 Bit        Muxes := 3     
	   2 Input      1 Bit        Muxes := 3     
Module Task_R 
Detailed RTL Component Info : 
+---Adders : 
	   2 Input     32 Bit       Adders := 2     
	   3 Input     10 Bit       Adders := 1     
	   2 Input      9 Bit       Adders := 9     
	   2 Input      8 Bit       Adders := 6     
	   2 Input      3 Bit       Adders := 1     
+---Registers : 
	                8 Bit    Registers := 10    
	                3 Bit    Registers := 1     
	                1 Bit    Registers := 1     
+---Muxes : 
	   3 Input     16 Bit        Muxes := 1     
	   2 Input      8 Bit        Muxes := 4     
	   2 Input      2 Bit        Muxes := 2     
	   2 Input      1 Bit        Muxes := 4     
Module clk6p25m 
Detailed RTL Component Info : 
+---Adders : 
	   2 Input      3 Bit       Adders := 1     
+---Registers : 
	                3 Bit    Registers := 1     
	                1 Bit    Registers := 1     
+---Muxes : 
	   2 Input      3 Bit        Muxes := 1     
	   2 Input      1 Bit        Muxes := 1     
Module identify_circle 
Detailed RTL Component Info : 
+---Adders : 
	   3 Input      8 Bit       Adders := 2     
+---Muxes : 
	   2 Input      8 Bit        Muxes := 2     
	   2 Input      7 Bit        Muxes := 2     
Module get_next_check_collision 
Detailed RTL Component Info : 
+---Adders : 
	   2 Input      9 Bit       Adders := 8     
	   2 Input      7 Bit       Adders := 4     
+---Muxes : 
	   2 Input     16 Bit        Muxes := 4     
	   2 Input      9 Bit        Muxes := 8     
	   2 Input      2 Bit        Muxes := 2     
	   2 Input      1 Bit        Muxes := 2     
Module task_S 
Detailed RTL Component Info : 
+---Adders : 
	   2 Input      7 Bit       Adders := 1     
+---Registers : 
	               16 Bit    Registers := 1     
	                7 Bit    Registers := 3     
	                2 Bit    Registers := 1     
	                1 Bit    Registers := 1     
+---Muxes : 
	   2 Input     16 Bit        Muxes := 2     
	   2 Input      2 Bit        Muxes := 3     
	   2 Input      1 Bit        Muxes := 7     
---------------------------------------------------------------------------------
Finished RTL Hierarchical Component Statistics
---------------------------------------------------------------------------------
---------------------------------------------------------------------------------
Start Part Resource Summary
---------------------------------------------------------------------------------
Part Resources:
DSPs: 90 (col length:60)
BRAMs: 100 (col length: RAMB18 60 RAMB36 30)
---------------------------------------------------------------------------------
Finished Part Resource Summary
---------------------------------------------------------------------------------
---------------------------------------------------------------------------------
Start Cross Boundary and Area Optimization
---------------------------------------------------------------------------------
Warning: Parallel synthesis criteria is not met 
INFO: [Synth 8-5546] ROM "oled_inst/fsm_next_state0" won't be mapped to RAM because it is too sparse
INFO: [Synth 8-5546] ROM "oled_inst/fsm_next_state0" won't be mapped to RAM because it is too sparse
INFO: [Synth 8-5845] Not enough pipeline registers after wide multiplier. Recommended levels of pipeline registers is 4 [C:/Users/joelk/Documents/ee_files/EE2026/project/individual/combined/combined.srcs/sources_1/new/Task_P.v:53]
INFO: [Synth 8-5845] Not enough pipeline registers after wide multiplier. Recommended levels of pipeline registers is 4 [C:/Users/joelk/Documents/ee_files/EE2026/project/individual/combined/combined.srcs/sources_1/new/Task_P.v:52]
DSP Report: Generating DSP circle_pixel1, operation Mode is: A*B.
DSP Report: operator circle_pixel1 is absorbed into DSP circle_pixel1.
DSP Report: operator circle_pixel1 is absorbed into DSP circle_pixel1.
DSP Report: Generating DSP circle_pixel1, operation Mode is: (PCIN>>17)+A*B.
DSP Report: operator circle_pixel1 is absorbed into DSP circle_pixel1.
DSP Report: operator circle_pixel1 is absorbed into DSP circle_pixel1.
DSP Report: Generating DSP circle_pixel1, operation Mode is: A*B.
DSP Report: operator circle_pixel1 is absorbed into DSP circle_pixel1.
DSP Report: operator circle_pixel1 is absorbed into DSP circle_pixel1.
DSP Report: Generating DSP circle_pixel1, operation Mode is: (PCIN>>17)+A*B.
DSP Report: operator circle_pixel1 is absorbed into DSP circle_pixel1.
DSP Report: operator circle_pixel1 is absorbed into DSP circle_pixel1.
DSP Report: Generating DSP circle_pixel1, operation Mode is: A*B.
DSP Report: operator circle_pixel1 is absorbed into DSP circle_pixel1.
DSP Report: operator circle_pixel1 is absorbed into DSP circle_pixel1.
DSP Report: Generating DSP circle_pixel1, operation Mode is: (PCIN>>17)+A*B.
DSP Report: operator circle_pixel1 is absorbed into DSP circle_pixel1.
DSP Report: operator circle_pixel1 is absorbed into DSP circle_pixel1.
DSP Report: Generating DSP circle_pixel1, operation Mode is: A*B.
DSP Report: operator circle_pixel1 is absorbed into DSP circle_pixel1.
DSP Report: operator circle_pixel1 is absorbed into DSP circle_pixel1.
DSP Report: Generating DSP circle_pixel1, operation Mode is: (PCIN>>17)+A*B.
DSP Report: operator circle_pixel1 is absorbed into DSP circle_pixel1.
DSP Report: operator circle_pixel1 is absorbed into DSP circle_pixel1.
INFO: [Synth 8-5546] ROM "oled/fsm_next_state0" won't be mapped to RAM because it is too sparse
INFO: [Synth 8-5546] ROM "oled/fsm_next_state0" won't be mapped to RAM because it is too sparse
INFO: [Synth 8-5546] ROM "disp/fsm_next_state0" won't be mapped to RAM because it is too sparse
INFO: [Synth 8-5546] ROM "disp/fsm_next_state0" won't be mapped to RAM because it is too sparse
INFO: [Synth 8-5546] ROM "fsm_next_state0" won't be mapped to RAM because it is too sparse
INFO: [Synth 8-5546] ROM "fsm_next_state0" won't be mapped to RAM because it is too sparse
INFO: [Synth 8-5546] ROM "move_now" won't be mapped to RAM because it is too sparse
WARNING: [Synth 8-3331] design Task_S has unconnected port JB[2]
WARNING: [Synth 8-3331] design Task_R has unconnected port JB[2]
WARNING: [Synth 8-3331] design Task_Q has unconnected port JB[2]
WARNING: [Synth 8-3331] design Task_P has unconnected port JB[2]
WARNING: [Synth 8-3331] design Top_Student has unconnected port sw[11]
WARNING: [Synth 8-3331] design Top_Student has unconnected port sw[10]
WARNING: [Synth 8-3331] design Top_Student has unconnected port sw[9]
WARNING: [Synth 8-3331] design Top_Student has unconnected port sw[8]
WARNING: [Synth 8-3331] design Top_Student has unconnected port sw[7]
WARNING: [Synth 8-3331] design Top_Student has unconnected port sw[6]
WARNING: [Synth 8-3331] design Top_Student has unconnected port sw[5]
WARNING: [Synth 8-3331] design Top_Student has unconnected port sw[4]
WARNING: [Synth 8-3331] design Top_Student has unconnected port sw[2]
WARNING: [Synth 8-3331] design Top_Student has unconnected port sw[0]
INFO: [Synth 8-3886] merging instance 'taskQ/pixel_data_reg[0]' (FDC) to 'taskQ/pixel_data_reg[1]'
INFO: [Synth 8-3886] merging instance 'taskS/task_s_inst/pix_reg[0]' (FDCE) to 'taskS/task_s_inst/pix_reg[4]'
INFO: [Synth 8-3886] merging instance 'taskQ/pixel_data_reg[1]' (FDC) to 'taskQ/pixel_data_reg[2]'
INFO: [Synth 8-3886] merging instance 'taskS/task_s_inst/pix_reg[1]' (FDCE) to 'taskS/task_s_inst/pix_reg[4]'
INFO: [Synth 8-3886] merging instance 'taskQ/pixel_data_reg[2]' (FDC) to 'taskQ/pixel_data_reg[3]'
INFO: [Synth 8-3886] merging instance 'taskS/task_s_inst/pix_reg[2]' (FDCE) to 'taskS/task_s_inst/pix_reg[4]'
INFO: [Synth 8-3886] merging instance 'taskQ/pixel_data_reg[3]' (FDC) to 'taskQ/pixel_data_reg[4]'
INFO: [Synth 8-3886] merging instance 'taskS/task_s_inst/pix_reg[3]' (FDCE) to 'taskS/task_s_inst/pix_reg[4]'
INFO: [Synth 8-3886] merging instance 'taskQ/pixel_data_reg[5]' (FDC) to 'taskQ/pixel_data_reg[6]'
INFO: [Synth 8-3886] merging instance 'taskS/task_s_inst/pix_reg[5]' (FDCE) to 'taskS/task_s_inst/pix_reg[10]'
INFO: [Synth 8-3886] merging instance 'taskQ/pixel_data_reg[6]' (FDC) to 'taskQ/pixel_data_reg[7]'
INFO: [Synth 8-3886] merging instance 'taskS/task_s_inst/pix_reg[6]' (FDCE) to 'taskS/task_s_inst/pix_reg[10]'
INFO: [Synth 8-3886] merging instance 'taskQ/pixel_data_reg[7]' (FDC) to 'taskQ/pixel_data_reg[8]'
INFO: [Synth 8-3886] merging instance 'taskS/task_s_inst/pix_reg[7]' (FDCE) to 'taskS/task_s_inst/pix_reg[10]'
INFO: [Synth 8-3886] merging instance 'taskQ/pixel_data_reg[8]' (FDC) to 'taskQ/pixel_data_reg[9]'
INFO: [Synth 8-3886] merging instance 'taskS/task_s_inst/pix_reg[8]' (FDCE) to 'taskS/task_s_inst/pix_reg[10]'
INFO: [Synth 8-3886] merging instance 'taskQ/pixel_data_reg[9]' (FDC) to 'taskQ/pixel_data_reg[10]'
INFO: [Synth 8-3886] merging instance 'taskS/task_s_inst/pix_reg[9]' (FDCE) to 'taskS/task_s_inst/pix_reg[10]'
INFO: [Synth 8-3886] merging instance 'taskQ/pixel_data_reg[11]' (FDC) to 'taskQ/pixel_data_reg[12]'
INFO: [Synth 8-3886] merging instance 'taskS/task_s_inst/pix_reg[11]' (FDCE) to 'taskS/task_s_inst/pix_reg[15]'
INFO: [Synth 8-3886] merging instance 'taskQ/pixel_data_reg[12]' (FDC) to 'taskQ/pixel_data_reg[13]'
INFO: [Synth 8-3886] merging instance 'taskS/task_s_inst/pix_reg[12]' (FDCE) to 'taskS/task_s_inst/pix_reg[15]'
INFO: [Synth 8-3886] merging instance 'taskQ/pixel_data_reg[13]' (FDC) to 'taskQ/pixel_data_reg[14]'
INFO: [Synth 8-3886] merging instance 'taskS/task_s_inst/pix_reg[13]' (FDCE) to 'taskS/task_s_inst/pix_reg[15]'
INFO: [Synth 8-3886] merging instance 'taskQ/pixel_data_reg[14]' (FDC) to 'taskQ/pixel_data_reg[15]'
INFO: [Synth 8-3886] merging instance 'taskR/next_c_offset_zero_reg[0]' (FDRE) to 'taskR/next_r_offset_seven_reg[2]'
INFO: [Synth 8-3886] merging instance 'taskR/next_c_offset_zero_reg[1]' (FDRE) to 'taskR/next_r_offset_seven_reg[2]'
INFO: [Synth 8-3886] merging instance 'taskR/next_c_offset_zero_reg[2]' (FDRE) to 'taskR/next_r_offset_seven_reg[2]'
INFO: [Synth 8-3886] merging instance 'taskR/next_c_offset_zero_reg[3]' (FDSE) to 'taskR/next_r_offset_seven_reg[0]'
INFO: [Synth 8-3886] merging instance 'taskR/next_c_offset_zero_reg[7]' (FDRE) to 'taskR/next_r_offset_seven_reg[2]'
INFO: [Synth 8-3886] merging instance 'taskR/next_c_offset_zero_reg[6]' (FDRE) to 'taskR/next_r_offset_seven_reg[2]'
INFO: [Synth 8-3886] merging instance 'taskR/next_c_offset_zero_reg[5]' (FDSE) to 'taskR/next_r_offset_seven_reg[0]'
INFO: [Synth 8-3886] merging instance 'taskR/next_c_offset_zero_reg[4]' (FDRE) to 'taskR/next_r_offset_seven_reg[2]'
INFO: [Synth 8-3886] merging instance 'taskR/next_r_offset_seven_reg[0]' (FDSE) to 'taskR/next_r_offset_seven_reg[1]'
INFO: [Synth 8-3886] merging instance 'taskR/next_r_offset_seven_reg[1]' (FDSE) to 'taskR/next_r_offset_seven_reg[4]'
INFO: [Synth 8-3886] merging instance 'taskR/next_r_offset_seven_reg[2]' (FDRE) to 'taskR/next_r_offset_seven_reg[3]'
INFO: [Synth 8-3886] merging instance 'taskR/next_r_offset_seven_reg[3]' (FDRE) to 'taskR/next_r_offset_seven_reg[5]'
INFO: [Synth 8-3333] propagating constant 1 across sequential element (taskR/\next_r_offset_seven_reg[4] )
INFO: [Synth 8-3886] merging instance 'taskR/next_r_offset_seven_reg[5]' (FDRE) to 'taskR/next_r_offset_seven_reg[6]'
INFO: [Synth 8-3886] merging instance 'taskR/next_r_offset_seven_reg[6]' (FDRE) to 'taskR/next_r_offset_seven_reg[7]'
INFO: [Synth 8-3333] propagating constant 0 across sequential element (taskR/\next_r_offset_seven_reg[7] )
INFO: [Synth 8-3886] merging instance 'taskS/task_s_inst/pix_reg[14]' (FDCE) to 'taskS/task_s_inst/pix_reg[15]'
INFO: [Synth 8-3886] merging instance 'taskR/c_offset_zero_reg[0]' (FDC) to 'taskR/r_offset_seven_reg[7]'
INFO: [Synth 8-3886] merging instance 'taskR/c_offset_zero_reg[1]' (FDC) to 'taskR/r_offset_seven_reg[7]'
INFO: [Synth 8-3886] merging instance 'taskR/c_offset_zero_reg[2]' (FDC) to 'taskR/r_offset_seven_reg[7]'
INFO: [Synth 8-3886] merging instance 'taskR/c_offset_zero_reg[3]' (FDP) to 'taskR/r_offset_seven_reg[4]'
INFO: [Synth 8-3886] merging instance 'taskR/c_offset_zero_reg[7]' (FDC) to 'taskR/r_offset_seven_reg[7]'
INFO: [Synth 8-3886] merging instance 'taskR/c_offset_zero_reg[6]' (FDC) to 'taskR/r_offset_seven_reg[7]'
INFO: [Synth 8-3886] merging instance 'taskR/c_offset_zero_reg[5]' (FDP) to 'taskR/r_offset_seven_reg[4]'
INFO: [Synth 8-3886] merging instance 'taskR/c_offset_zero_reg[4]' (FDC) to 'taskR/r_offset_seven_reg[7]'
INFO: [Synth 8-3886] merging instance 'taskR/r_offset_seven_reg[0]' (FDP) to 'taskR/r_offset_seven_reg[4]'
INFO: [Synth 8-3886] merging instance 'taskR/r_offset_seven_reg[1]' (FDP) to 'taskR/r_offset_seven_reg[4]'
INFO: [Synth 8-3886] merging instance 'taskR/r_offset_seven_reg[2]' (FDC) to 'taskR/r_offset_seven_reg[7]'
INFO: [Synth 8-3886] merging instance 'taskR/r_offset_seven_reg[3]' (FDC) to 'taskR/r_offset_seven_reg[7]'
INFO: [Synth 8-3886] merging instance 'taskR/r_offset_seven_reg[5]' (FDC) to 'taskR/r_offset_seven_reg[7]'
INFO: [Synth 8-3886] merging instance 'taskR/r_offset_seven_reg[6]' (FDC) to 'taskR/r_offset_seven_reg[7]'
WARNING: [Synth 8-3332] Sequential element (next_r_offset_seven_reg[4]) is unused and will be removed from module Task_R.
WARNING: [Synth 8-3332] Sequential element (next_r_offset_seven_reg[7]) is unused and will be removed from module Task_R.
WARNING: [Synth 8-3332] Sequential element (r_offset_seven_reg[7]) is unused and will be removed from module Task_R.
WARNING: [Synth 8-3332] Sequential element (r_offset_seven_reg[4]) is unused and will be removed from module Task_R.
---------------------------------------------------------------------------------
Finished Cross Boundary and Area Optimization : Time (s): cpu = 00:00:27 ; elapsed = 00:00:29 . Memory (MB): peak = 750.012 ; gain = 492.934
---------------------------------------------------------------------------------
---------------------------------------------------------------------------------
Start ROM, RAM, DSP and Shift Register Reporting
---------------------------------------------------------------------------------

DSP: Preliminary Mapping  Report (see note below)
+------------+----------------+--------+--------+--------+--------+--------+------+------+------+------+-------+------+------+
|Module Name | DSP Mapping    | A Size | B Size | C Size | D Size | P Size | AREG | BREG | CREG | DREG | ADREG | MREG | PREG | 
+------------+----------------+--------+--------+--------+--------+--------+------+------+------+------+-------+------+------+
|Task_P      | A*B            | 18     | 16     | -      | -      | 48     | 0    | 0    | -    | -    | -     | 0    | 0    | 
|Task_P      | (PCIN>>17)+A*B | 16     | 16     | -      | -      | 48     | 0    | 0    | -    | -    | -     | 0    | 0    | 
|Task_P      | A*B            | 18     | 18     | -      | -      | 48     | 0    | 0    | -    | -    | -     | 0    | 0    | 
|Task_P      | (PCIN>>17)+A*B | 18     | 16     | -      | -      | 48     | 0    | 0    | -    | -    | -     | 0    | 0    | 
|Task_P      | A*B            | 18     | 16     | -      | -      | 48     | 0    | 0    | -    | -    | -     | 0    | 0    | 
|Task_P      | (PCIN>>17)+A*B | 16     | 16     | -      | -      | 48     | 0    | 0    | -    | -    | -     | 0    | 0    | 
|Task_P      | A*B            | 18     | 18     | -      | -      | 48     | 0    | 0    | -    | -    | -     | 0    | 0    | 
|Task_P      | (PCIN>>17)+A*B | 18     | 16     | -      | -      | 48     | 0    | 0    | -    | -    | -     | 0    | 0    | 
+------------+----------------+--------+--------+--------+--------+--------+------+------+------+------+-------+------+------+

Note: The table above is a preliminary report that shows the DSPs inferred at the current stage of the synthesis flow. Some DSP may be reimplemented as non DSP primitives later in the synthesis flow. Multiple instantiated DSPs are reported only once.
---------------------------------------------------------------------------------
Finished ROM, RAM, DSP and Shift Register Reporting
---------------------------------------------------------------------------------

Report RTL Partitions: 
+-+--------------+------------+----------+
| |RTL Partition |Replication |Instances |
+-+--------------+------------+----------+
+-+--------------+------------+----------+
---------------------------------------------------------------------------------
Start Applying XDC Timing Constraints
---------------------------------------------------------------------------------
---------------------------------------------------------------------------------
Finished Applying XDC Timing Constraints : Time (s): cpu = 00:00:39 ; elapsed = 00:00:43 . Memory (MB): peak = 792.020 ; gain = 534.941
---------------------------------------------------------------------------------
---------------------------------------------------------------------------------
Start Timing Optimization
---------------------------------------------------------------------------------
---------------------------------------------------------------------------------
Finished Timing Optimization : Time (s): cpu = 00:00:42 ; elapsed = 00:00:46 . Memory (MB): peak = 849.789 ; gain = 592.711
---------------------------------------------------------------------------------

Report RTL Partitions: 
+-+--------------+------------+----------+
| |RTL Partition |Replication |Instances |
+-+--------------+------------+----------+
+-+--------------+------------+----------+
---------------------------------------------------------------------------------
Start Technology Mapping
---------------------------------------------------------------------------------
INFO: [Synth 8-3886] merging instance 'ss/an_reg[2]' (FDE) to 'ss/seg_reg[7]'
INFO: [Synth 8-3886] merging instance 'ss/seg_reg[0]' (FDE) to 'ss/seg_reg[3]'
---------------------------------------------------------------------------------
Finished Technology Mapping : Time (s): cpu = 00:00:44 ; elapsed = 00:00:48 . Memory (MB): peak = 928.020 ; gain = 670.941
---------------------------------------------------------------------------------

Report RTL Partitions: 
+-+--------------+------------+----------+
| |RTL Partition |Replication |Instances |
+-+--------------+------------+----------+
+-+--------------+------------+----------+
---------------------------------------------------------------------------------
Start IO Insertion
---------------------------------------------------------------------------------
---------------------------------------------------------------------------------
Start Flattening Before IO Insertion
---------------------------------------------------------------------------------
---------------------------------------------------------------------------------
Finished Flattening Before IO Insertion
---------------------------------------------------------------------------------
---------------------------------------------------------------------------------
Start Final Netlist Cleanup
---------------------------------------------------------------------------------
INFO: [Synth 8-6064] Net n_0_227 is driving 70 big block pins (URAM, BRAM and DSP loads). Created 7 replicas of its driver. 
INFO: [Synth 8-6064] Net \taskP/circle_pixel2 [16] is driving 70 big block pins (URAM, BRAM and DSP loads). Created 7 replicas of its driver. 
---------------------------------------------------------------------------------
Finished Final Netlist Cleanup
---------------------------------------------------------------------------------
---------------------------------------------------------------------------------
Finished IO Insertion : Time (s): cpu = 00:00:46 ; elapsed = 00:00:49 . Memory (MB): peak = 928.020 ; gain = 670.941
---------------------------------------------------------------------------------

Report Check Netlist: 
+------+------------------+-------+---------+-------+------------------+
|      |Item              |Errors |Warnings |Status |Description       |
+------+------------------+-------+---------+-------+------------------+
|1     |multi_driven_nets |      0|        0|Passed |Multi driven nets |
+------+------------------+-------+---------+-------+------------------+
---------------------------------------------------------------------------------
Start Renaming Generated Instances
---------------------------------------------------------------------------------
---------------------------------------------------------------------------------
Finished Renaming Generated Instances : Time (s): cpu = 00:00:46 ; elapsed = 00:00:49 . Memory (MB): peak = 928.020 ; gain = 670.941
---------------------------------------------------------------------------------

Report RTL Partitions: 
+-+--------------+------------+----------+
| |RTL Partition |Replication |Instances |
+-+--------------+------------+----------+
+-+--------------+------------+----------+
---------------------------------------------------------------------------------
Start Rebuilding User Hierarchy
---------------------------------------------------------------------------------
---------------------------------------------------------------------------------
Finished Rebuilding User Hierarchy : Time (s): cpu = 00:00:46 ; elapsed = 00:00:50 . Memory (MB): peak = 928.020 ; gain = 670.941
---------------------------------------------------------------------------------
---------------------------------------------------------------------------------
Start Renaming Generated Ports
---------------------------------------------------------------------------------
---------------------------------------------------------------------------------
Finished Renaming Generated Ports : Time (s): cpu = 00:00:46 ; elapsed = 00:00:50 . Memory (MB): peak = 928.020 ; gain = 670.941
---------------------------------------------------------------------------------
---------------------------------------------------------------------------------
Start Handling Custom Attributes
---------------------------------------------------------------------------------
---------------------------------------------------------------------------------
Finished Handling Custom Attributes : Time (s): cpu = 00:00:46 ; elapsed = 00:00:50 . Memory (MB): peak = 928.020 ; gain = 670.941
---------------------------------------------------------------------------------
---------------------------------------------------------------------------------
Start Renaming Generated Nets
---------------------------------------------------------------------------------
---------------------------------------------------------------------------------
Finished Renaming Generated Nets : Time (s): cpu = 00:00:46 ; elapsed = 00:00:50 . Memory (MB): peak = 928.020 ; gain = 670.941
---------------------------------------------------------------------------------
---------------------------------------------------------------------------------
Start Writing Synthesis Report
---------------------------------------------------------------------------------

Report BlackBoxes: 
+-+--------------+----------+
| |BlackBox name |Instances |
+-+--------------+----------+
+-+--------------+----------+

Report Cell Usage: 
+------+--------+------+
|      |Cell    |Count |
+------+--------+------+
|1     |BUFG    |     5|
|2     |CARRY4  |   339|
|3     |DSP48E1 |     6|
|4     |LUT1    |    80|
|5     |LUT2    |   718|
|6     |LUT3    |   301|
|7     |LUT4    |   388|
|8     |LUT5    |   347|
|9     |LUT6    |   760|
|10    |MUXF7   |     3|
|11    |FDCE    |   106|
|12    |FDPE    |     8|
|13    |FDRE    |   555|
|14    |FDRE_1  |   124|
|15    |FDSE_1  |     4|
|16    |IBUF    |    12|
|17    |OBUF    |    20|
+------+--------+------+

Report Instance Areas: 
+------+---------------------------+-------------------------+------+
|      |Instance                   |Module                   |Cells |
+------+---------------------------+-------------------------+------+
|1     |top                        |                         |  3776|
|2     |  ss                       |Seven_Seg                |    51|
|3     |  taskP                    |Task_P                   |   793|
|4     |    oled_inst              |Oled_Display_4           |   577|
|5     |  taskQ                    |Task_Q                   |   642|
|6     |    bC                     |btn_debounce             |    48|
|7     |    bL                     |btn_debounce_1           |    48|
|8     |    bR                     |btn_debounce_2           |    48|
|9     |    oled                   |Oled_Display_3           |   455|
|10    |    scr                    |screen_625mhz            |    10|
|11    |  taskR                    |Task_R                   |   823|
|12    |    disp                   |Oled_Display_0           |   607|
|13    |  taskS                    |Task_S                   |  1408|
|14    |    clk6p25m_inst          |clk6p25m                 |     8|
|15    |    oled_display_inst      |Oled_Display             |   436|
|16    |    task_s_inst            |task_S                   |   964|
|17    |      check_collision_inst |get_next_check_collision |   622|
|18    |      circle_test          |identify_circle          |   235|
+------+---------------------------+-------------------------+------+
---------------------------------------------------------------------------------
Finished Writing Synthesis Report : Time (s): cpu = 00:00:46 ; elapsed = 00:00:50 . Memory (MB): peak = 928.020 ; gain = 670.941
---------------------------------------------------------------------------------
Synthesis finished with 0 errors, 0 critical warnings and 18 warnings.
Synthesis Optimization Runtime : Time (s): cpu = 00:00:36 ; elapsed = 00:00:42 . Memory (MB): peak = 928.020 ; gain = 330.309
Synthesis Optimization Complete : Time (s): cpu = 00:00:46 ; elapsed = 00:00:50 . Memory (MB): peak = 928.020 ; gain = 670.941
INFO: [Project 1-571] Translating synthesized netlist
INFO: [Netlist 29-17] Analyzing 488 Unisim elements for replacement
INFO: [Netlist 29-28] Unisim Transformation completed in 0 CPU seconds
INFO: [Project 1-570] Preparing netlist for logic optimization
INFO: [Opt 31-138] Pushed 0 inverter(s) to 0 load pin(s).
INFO: [Project 1-111] Unisim Transformation Summary:
  A total of 128 instances were transformed.
  FDRE_1 => FDRE (inverted pins: C): 124 instances
  FDSE_1 => FDSE (inverted pins: C): 4 instances

INFO: [Common 17-83] Releasing license: Synthesis
132 Infos, 54 Warnings, 0 Critical Warnings and 0 Errors encountered.
synth_design completed successfully
synth_design: Time (s): cpu = 00:00:49 ; elapsed = 00:00:53 . Memory (MB): peak = 928.020 ; gain = 683.836
WARNING: [Constraints 18-5210] No constraint will be written out.
INFO: [Common 17-1381] The checkpoint 'C:/Users/joelk/Documents/ee_files/EE2026/project/individual/combined/combined.runs/synth_1/Top_Student.dcp' has been generated.
INFO: [runtcl-4] Executing : report_utilization -file Top_Student_utilization_synth.rpt -pb Top_Student_utilization_synth.pb
report_utilization: Time (s): cpu = 00:00:00 ; elapsed = 00:00:00.051 . Memory (MB): peak = 928.020 ; gain = 0.000
INFO: [Common 17-206] Exiting Vivado at Fri Oct 10 02:07:32 2025...
