Copyright 1986-2018 Xilinx, Inc. All Rights Reserved.
------------------------------------------------------------------------------------------------------------------------
| Tool Version : Vivado v.2018.2 (win64) Build 2258646 Thu Jun 14 20:03:12 MDT 2018
| Date         : Mon Oct  6 23:01:16 2025
| Host         : LAPTOP-5OB0NPE4 running 64-bit major release  (build 9200)
| Command      : report_drc -file Top_Student_drc_opted.rpt -pb Top_Student_drc_opted.pb -rpx Top_Student_drc_opted.rpx
| Design       : Top_Student
| Device       : xc7a35tcpg236-1
| Speed File   : -1
| Design State : Synthesized
------------------------------------------------------------------------------------------------------------------------

Report DRC

Table of Contents
-----------------
1. REPORT SUMMARY
2. REPORT DETAILS

1. REPORT SUMMARY
-----------------
            Netlist: netlist
          Floorplan: design_1
      Design limits: <entire design considered>
           Ruledeck: default
             Max violations: <unlimited>
             Violations found: 1
+-------------+----------+-------------------------------------------------------------+------------+
| Rule        | Severity | Description                                                 | Violations |
+-------------+----------+-------------------------------------------------------------+------------+
| PLHOLDVIO-2 | Warning  | Non-Optimal connections which could lead to hold violations | 1          |
+-------------+----------+-------------------------------------------------------------+------------+

2. REPORT DETAILS
-----------------
PLHOLDVIO-2#1 Warning
Non-Optimal connections which could lead to hold violations  
A LUT taskR/disp/r_offset_zero[7]_i_1 is driving clock pin of 16 cells. This could lead to large hold time violations. First few involved cells are:
    taskR/c_offset_seven_reg[0] {FDCE}
    taskR/c_offset_seven_reg[1] {FDCE}
    taskR/c_offset_seven_reg[2] {FDCE}
    taskR/c_offset_seven_reg[3] {FDCE}
    taskR/c_offset_seven_reg[4] {FDCE}
    taskR/c_offset_seven_reg[5] {FDCE}
    taskR/c_offset_seven_reg[6] {FDCE}
    taskR/c_offset_seven_reg[7] {FDCE}
    taskR/r_offset_zero_reg[0] {FDCE}

Related violations: <none>


