Vivado Simulator 2018.2
Copyright 1986-1999, 2001-2018 Xilinx, Inc. All Rights Reserved.
Running: C:/Users/joelk/Documents/Xilinx/Vivado/2018.2/bin/unwrapped/win64.o/xelab.exe -wto 24e5d7a1779144f797f24297896a26e0 --incr --debug typical --relax --mt 2 --maxdelay -L xil_defaultlib -L simprims_ver -L secureip --snapshot Top_Student_time_impl -transport_int_delays -pulse_r 0 -pulse_int_r 0 -pulse_e 0 -pulse_int_e 0 xil_defaultlib.Top_Student xil_defaultlib.glbl -log elaborate.log 
Using 2 slave threads.
Starting static elaboration
Completed static elaboration
Starting simulation data flow analysis
Completed simulation data flow analysis
INFO: [XSIM 43-3451] SDF backannotation process started with SDF file "Top_Student_time_impl.sdf", for root module "Top_Student".
INFO: [XSIM 43-3452] SDF backannotation was successful for SDF file "Top_Student_time_impl.sdf", for root module "Top_Student".
Time Resolution for simulation is 1ps
Compiling module simprims_ver.BUFG
Compiling module simprims_ver.IBUF
Compiling module simprims_ver.OBUF
Compiling module simprims_ver.OBUFT
Compiling module simprims_ver.x_lut3_mux8
Compiling module simprims_ver.LUT3
Compiling module simprims_ver.latchsre_ldce
Compiling module simprims_ver.LDCE
Compiling module simprims_ver.x_lut2_mux4
Compiling module simprims_ver.LUT2
Compiling module simprims_ver.x_lut1_mux2
Compiling module simprims_ver.LUT1
Compiling module xil_defaultlib.next_color
Compiling module simprims_ver.LUT4
Compiling module simprims_ver.FDRE(INIT=1'b1)
Compiling module simprims_ver.FDRE_default
Compiling module xil_defaultlib.next_color_0
Compiling module simprims_ver.LUT5
Compiling module simprims_ver.LUT6
Compiling module simprims_ver.FDRE(IS_C_INVERTED=1'b1)
Compiling module simprims_ver.FDRE(INIT=1'b1,IS_C_INVERTED=1'b...
Compiling module simprims_ver.CARRY4
Compiling module simprims_ver.MUXF7
Compiling module xil_defaultlib.Oled_Display
Compiling module xil_defaultlib.next_color_1
Compiling module xil_defaultlib.screen_625mhz
Compiling module xil_defaultlib.Top_Student
Compiling module xil_defaultlib.glbl
Built simulation snapshot Top_Student_time_impl
